#2026 07 11 20:52:17.210#Z#DEBUG#48fc5e15-7d6a-11f1-86b9-eeee0a925f77.mycapapp-db-deployer#flowable-async-job-executor-thread-3054#
[PollStageAppStatusExecution] dc64d260-5386-410e-8dbc-6166ac0f76ca [2026-07-11T20:51:43.137327] Updated app with guid dc64d260-5386-410e-8dbc-6166ac0f76ca ({"lifecycle"=>{"data"=>{"buildpacks"=>["nodejs_buildpack"]}, "type"=>"buildpack"}}) (STDOUT, API)#
#2026 07 11 20:52:17.210#Z#DEBUG#48fc5e15-7d6a-11f1-86b9-eeee0a925f77.mycapapp-db-deployer#flowable-async-job-executor-thread-3054#
[PollStageAppStatusExecution] dc64d260-5386-410e-8dbc-6166ac0f76ca [2026-07-11T20:51:43.222818] Updating process: "web" (STDOUT, API)#
#2026 07 11 20:52:17.210#Z#DEBUG#48fc5e15-7d6a-11f1-86b9-eeee0a925f77.mycapapp-db-deployer#flowable-async-job-executor-thread-3054#
[PollStageAppStatusExecution] dc64d260-5386-410e-8dbc-6166ac0f76ca [2026-07-11T20:51:57.336910] Uploading app package for app with guid dc64d260-5386-410e-8dbc-6166ac0f76ca (STDOUT, API)#
#2026 07 11 20:52:17.210#Z#DEBUG#48fc5e15-7d6a-11f1-86b9-eeee0a925f77.mycapapp-db-deployer#flowable-async-job-executor-thread-3054#
[PollStageAppStatusExecution] dc64d260-5386-410e-8dbc-6166ac0f76ca [2026-07-11T20:51:57.571157] Updated app with guid dc64d260-5386-410e-8dbc-6166ac0f76ca ({"environment_variables"=>"[PRIVATE DATA HIDDEN]"}) (STDOUT, API)#
#2026 07 11 20:52:17.210#Z#DEBUG#48fc5e15-7d6a-11f1-86b9-eeee0a925f77.mycapapp-db-deployer#flowable-async-job-executor-thread-3054#
[PollStageAppStatusExecution] dc64d260-5386-410e-8dbc-6166ac0f76ca [2026-07-11T20:52:07.371514] Creating build for app with guid dc64d260-5386-410e-8dbc-6166ac0f76ca (STDOUT, API)#
#2026 07 11 20:52:17.210#Z#DEBUG#48fc5e15-7d6a-11f1-86b9-eeee0a925f77.mycapapp-db-deployer#flowable-async-job-executor-thread-3054#
[PollStageAppStatusExecution] dc64d260-5386-410e-8dbc-6166ac0f76ca [2026-07-11T20:52:07.851772] Downloading nodejs_buildpack... (STDOUT, STG)#
#2026 07 11 20:52:17.210#Z#DEBUG#48fc5e15-7d6a-11f1-86b9-eeee0a925f77.mycapapp-db-deployer#flowable-async-job-executor-thread-3054#
[PollStageAppStatusExecution] dc64d260-5386-410e-8dbc-6166ac0f76ca [2026-07-11T20:52:07.903895] Downloaded nodejs_buildpack (STDOUT, STG)#
#2026 07 11 20:52:17.210#Z#DEBUG#48fc5e15-7d6a-11f1-86b9-eeee0a925f77.mycapapp-db-deployer#flowable-async-job-executor-thread-3054#
[PollStageAppStatusExecution] dc64d260-5386-410e-8dbc-6166ac0f76ca [2026-07-11T20:52:07.903984] Cell c839c7b1-088e-41af-b9b7-66256aacd457 creating container for instance 838cc806-a083-4631-b6d7-5b4b813b9eef (STDOUT, STG)#
#2026 07 11 20:52:17.210#Z#DEBUG#48fc5e15-7d6a-11f1-86b9-eeee0a925f77.mycapapp-db-deployer#flowable-async-job-executor-thread-3054#
[PollStageAppStatusExecution] dc64d260-5386-410e-8dbc-6166ac0f76ca [2026-07-11T20:52:08.774059] Security group rules were updated (STDOUT, STG)#
#2026 07 11 20:52:17.210#Z#DEBUG#48fc5e15-7d6a-11f1-86b9-eeee0a925f77.mycapapp-db-deployer#flowable-async-job-executor-thread-3054#
[PollStageAppStatusExecution] dc64d260-5386-410e-8dbc-6166ac0f76ca [2026-07-11T20:52:08.878610] Cell c839c7b1-088e-41af-b9b7-66256aacd457 successfully created container for instance 838cc806-a083-4631-b6d7-5b4b813b9eef (STDOUT, STG)#
#2026 07 11 20:52:17.210#Z#DEBUG#48fc5e15-7d6a-11f1-86b9-eeee0a925f77.mycapapp-db-deployer#flowable-async-job-executor-thread-3054#
[PollStageAppStatusExecution] dc64d260-5386-410e-8dbc-6166ac0f76ca [2026-07-11T20:52:09.611818] Downloading build artifacts cache... (STDOUT, STG)#
#2026 07 11 20:52:17.210#Z#DEBUG#48fc5e15-7d6a-11f1-86b9-eeee0a925f77.mycapapp-db-deployer#flowable-async-job-executor-thread-3054#
[PollStageAppStatusExecution] dc64d260-5386-410e-8dbc-6166ac0f76ca [2026-07-11T20:52:09.611824] Downloading app package... (STDOUT, STG)#
#2026 07 11 20:52:17.210#Z#DEBUG#48fc5e15-7d6a-11f1-86b9-eeee0a925f77.mycapapp-db-deployer#flowable-async-job-executor-thread-3054#
[PollStageAppStatusExecution] dc64d260-5386-410e-8dbc-6166ac0f76ca [2026-07-11T20:52:09.707701] Downloaded build artifacts cache (214B) (STDOUT, STG)#
#2026 07 11 20:52:17.210#Z#DEBUG#48fc5e15-7d6a-11f1-86b9-eeee0a925f77.mycapapp-db-deployer#flowable-async-job-executor-thread-3054#
[PollStageAppStatusExecution] dc64d260-5386-410e-8dbc-6166ac0f76ca [2026-07-11T20:52:09.996159] Downloaded app package (2.4M) (STDOUT, STG)#
#2026 07 11 20:52:17.210#Z#DEBUG#48fc5e15-7d6a-11f1-86b9-eeee0a925f77.mycapapp-db-deployer#flowable-async-job-executor-thread-3054#
[PollStageAppStatusExecution] dc64d260-5386-410e-8dbc-6166ac0f76ca [2026-07-11T20:52:10.122105] -----> Nodejs Buildpack version 1.9.2 (STDOUT, STG)#
#2026 07 11 20:52:17.210#Z#DEBUG#48fc5e15-7d6a-11f1-86b9-eeee0a925f77.mycapapp-db-deployer#flowable-async-job-executor-thread-3054#
[PollStageAppStatusExecution] dc64d260-5386-410e-8dbc-6166ac0f76ca [2026-07-11T20:52:10.325444] -----> Bootstrapping python (STDOUT, STG)#
#2026 07 11 20:52:17.210#Z#DEBUG#48fc5e15-7d6a-11f1-86b9-eeee0a925f77.mycapapp-db-deployer#flowable-async-job-executor-thread-3054#
[PollStageAppStatusExecution] dc64d260-5386-410e-8dbc-6166ac0f76ca [2026-07-11T20:52:10.325478] -----> Installing python 3.13.13 (STDOUT, STG)#
#2026 07 11 20:52:17.210#Z#DEBUG#48fc5e15-7d6a-11f1-86b9-eeee0a925f77.mycapapp-db-deployer#flowable-async-job-executor-thread-3054#
[PollStageAppStatusExecution] dc64d260-5386-410e-8dbc-6166ac0f76ca [2026-07-11T20:52:10.325562] Copy [/tmp/buildpacks/17bd89c67d092631/dependencies/268a5e3743d51a14b86ea9da64439307/python_3.13.13_linux_x64_cflinuxfs4_8311abbf.tgz] (STDOUT, STG)#
#2026 07 11 20:52:17.210#Z#DEBUG#48fc5e15-7d6a-11f1-86b9-eeee0a925f77.mycapapp-db-deployer#flowable-async-job-executor-thread-3054#
[PollStageAppStatusExecution] dc64d260-5386-410e-8dbc-6166ac0f76ca [2026-07-11T20:52:14.498643] -----> Installing binaries (STDOUT, STG)#
#2026 07 11 20:52:17.210#Z#DEBUG#48fc5e15-7d6a-11f1-86b9-eeee0a925f77.mycapapp-db-deployer#flowable-async-job-executor-thread-3054#
[PollStageAppStatusExecution] dc64d260-5386-410e-8dbc-6166ac0f76ca [2026-07-11T20:52:14.498747] engines.node (package.json): >=18 (STDOUT, STG)#
#2026 07 11 20:52:17.210#Z#DEBUG#48fc5e15-7d6a-11f1-86b9-eeee0a925f77.mycapapp-db-deployer#flowable-async-job-executor-thread-3054#
[PollStageAppStatusExecution] dc64d260-5386-410e-8dbc-6166ac0f76ca [2026-07-11T20:52:14.498825] engines.npm (package.json): unspecified (use default) (STDOUT, STG)#
#2026 07 11 20:52:17.210#Z#DEBUG#48fc5e15-7d6a-11f1-86b9-eeee0a925f77.mycapapp-db-deployer#flowable-async-job-executor-thread-3054#
[PollStageAppStatusExecution] dc64d260-5386-410e-8dbc-6166ac0f76ca [2026-07-11T20:52:14.498938] [31;1m**WARNING**[0m Dangerous semver range (>) in engines.node. See: http://docs.cloudfoundry.org/buildpacks/node/node-tips.html (STDOUT, STG)#
#2026 07 11 20:52:17.210#Z#DEBUG#48fc5e15-7d6a-11f1-86b9-eeee0a925f77.mycapapp-db-deployer#flowable-async-job-executor-thread-3054#
[PollStageAppStatusExecution] dc64d260-5386-410e-8dbc-6166ac0f76ca [2026-07-11T20:52:14.499076] -----> Installing node 24.15.0 (STDOUT, STG)#
#2026 07 11 20:52:17.210#Z#DEBUG#48fc5e15-7d6a-11f1-86b9-eeee0a925f77.mycapapp-db-deployer#flowable-async-job-executor-thread-3054#
[PollStageAppStatusExecution] dc64d260-5386-410e-8dbc-6166ac0f76ca [2026-07-11T20:52:14.499322] Copy [/tmp/buildpacks/17bd89c67d092631/dependencies/6441e97e6386f47ec4c16cfdf8db0a17/node_24.15.0_linux_x64_cflinuxfs4_1a62d98b.tgz] (STDOUT, STG)#
#2026 07 11 20:52:27.176#Z#DEBUG#48fc5e15-7d6a-11f1-86b9-eeee0a925f77.mycapapp-db-deployer#flowable-async-job-executor-thread-3061#
[PollStageAppStatusExecution] dc64d260-5386-410e-8dbc-6166ac0f76ca [2026-07-11T20:52:16.995312] Using default npm version: 11.12.1 (STDOUT, STG)#
#2026 07 11 20:52:27.176#Z#DEBUG#48fc5e15-7d6a-11f1-86b9-eeee0a925f77.mycapapp-db-deployer#flowable-async-job-executor-thread-3061#
[PollStageAppStatusExecution] dc64d260-5386-410e-8dbc-6166ac0f76ca [2026-07-11T20:52:16.995346] -----> Installing yarn 1.22.22 (STDOUT, STG)#
#2026 07 11 20:52:27.176#Z#DEBUG#48fc5e15-7d6a-11f1-86b9-eeee0a925f77.mycapapp-db-deployer#flowable-async-job-executor-thread-3061#
[PollStageAppStatusExecution] dc64d260-5386-410e-8dbc-6166ac0f76ca [2026-07-11T20:52:16.995422] Copy [/tmp/buildpacks/17bd89c67d092631/dependencies/e4fe26756e9984a665478d350474fa2e/yarn_1.22.22_linux_noarch_any-stack_b6132b86.tgz] (STDOUT, STG)#
#2026 07 11 20:52:27.176#Z#DEBUG#48fc5e15-7d6a-11f1-86b9-eeee0a925f77.mycapapp-db-deployer#flowable-async-job-executor-thread-3061#
[PollStageAppStatusExecution] dc64d260-5386-410e-8dbc-6166ac0f76ca [2026-07-11T20:52:17.366541] Installed yarn 1.22.22 (STDOUT, STG)#
#2026 07 11 20:52:27.176#Z#DEBUG#48fc5e15-7d6a-11f1-86b9-eeee0a925f77.mycapapp-db-deployer#flowable-async-job-executor-thread-3061#
[PollStageAppStatusExecution] dc64d260-5386-410e-8dbc-6166ac0f76ca [2026-07-11T20:52:17.366582] -----> Creating runtime environment (STDOUT, STG)#
#2026 07 11 20:52:27.176#Z#DEBUG#48fc5e15-7d6a-11f1-86b9-eeee0a925f77.mycapapp-db-deployer#flowable-async-job-executor-thread-3061#
[PollStageAppStatusExecution] dc64d260-5386-410e-8dbc-6166ac0f76ca [2026-07-11T20:52:17.368474] NODE_ENV=production (STDOUT, STG)#
#2026 07 11 20:52:27.176#Z#DEBUG#48fc5e15-7d6a-11f1-86b9-eeee0a925f77.mycapapp-db-deployer#flowable-async-job-executor-thread-3061#
[PollStageAppStatusExecution] dc64d260-5386-410e-8dbc-6166ac0f76ca [2026-07-11T20:52:17.368493] NODE_HOME=/tmp/contents352926144/deps/0/node (STDOUT, STG)#
#2026 07 11 20:52:27.176#Z#DEBUG#48fc5e15-7d6a-11f1-86b9-eeee0a925f77.mycapapp-db-deployer#flowable-async-job-executor-thread-3061#
[PollStageAppStatusExecution] dc64d260-5386-410e-8dbc-6166ac0f76ca [2026-07-11T20:52:17.368496] NODE_MODULES_CACHE=true (STDOUT, STG)#
#2026 07 11 20:52:27.176#Z#DEBUG#48fc5e15-7d6a-11f1-86b9-eeee0a925f77.mycapapp-db-deployer#flowable-async-job-executor-thread-3061#
[PollStageAppStatusExecution] dc64d260-5386-410e-8dbc-6166ac0f76ca [2026-07-11T20:52:17.368498] NODE_VERBOSE=false (STDOUT, STG)#
#2026 07 11 20:52:27.176#Z#DEBUG#48fc5e15-7d6a-11f1-86b9-eeee0a925f77.mycapapp-db-deployer#flowable-async-job-executor-thread-3061#
[PollStageAppStatusExecution] dc64d260-5386-410e-8dbc-6166ac0f76ca [2026-07-11T20:52:17.368500] NPM_CONFIG_LOGLEVEL=error (STDOUT, STG)#
#2026 07 11 20:52:27.176#Z#DEBUG#48fc5e15-7d6a-11f1-86b9-eeee0a925f77.mycapapp-db-deployer#flowable-async-job-executor-thread-3061#
[PollStageAppStatusExecution] dc64d260-5386-410e-8dbc-6166ac0f76ca [2026-07-11T20:52:17.368503] NPM_CONFIG_PRODUCTION=true (STDOUT, STG)#
#2026 07 11 20:52:27.176#Z#DEBUG#48fc5e15-7d6a-11f1-86b9-eeee0a925f77.mycapapp-db-deployer#flowable-async-job-executor-thread-3061#
[PollStageAppStatusExecution] dc64d260-5386-410e-8dbc-6166ac0f76ca [2026-07-11T20:52:17.368553] -----> Building dependencies (STDOUT, STG)#
#2026 07 11 20:52:27.176#Z#DEBUG#48fc5e15-7d6a-11f1-86b9-eeee0a925f77.mycapapp-db-deployer#flowable-async-job-executor-thread-3061#
[PollStageAppStatusExecution] dc64d260-5386-410e-8dbc-6166ac0f76ca [2026-07-11T20:52:17.368572] Prebuild detected (node_modules already exists) (STDOUT, STG)#
#2026 07 11 20:52:27.176#Z#DEBUG#48fc5e15-7d6a-11f1-86b9-eeee0a925f77.mycapapp-db-deployer#flowable-async-job-executor-thread-3061#
[PollStageAppStatusExecution] dc64d260-5386-410e-8dbc-6166ac0f76ca [2026-07-11T20:52:17.368578] Rebuilding any native modules (STDOUT, STG)#
#2026 07 11 20:52:27.176#Z#DEBUG#48fc5e15-7d6a-11f1-86b9-eeee0a925f77.mycapapp-db-deployer#flowable-async-job-executor-thread-3061#
[PollStageAppStatusExecution] dc64d260-5386-410e-8dbc-6166ac0f76ca [2026-07-11T20:52:17.949649] rebuilt dependencies successfully (STDOUT, STG)#
#2026 07 11 20:52:27.176#Z#DEBUG#48fc5e15-7d6a-11f1-86b9-eeee0a925f77.mycapapp-db-deployer#flowable-async-job-executor-thread-3061#
[PollStageAppStatusExecution] dc64d260-5386-410e-8dbc-6166ac0f76ca [2026-07-11T20:52:18.019143] Installing any new modules (package.json + package-lock.json) (STDOUT, STG)#
#2026 07 11 20:52:27.176#Z#DEBUG#48fc5e15-7d6a-11f1-86b9-eeee0a925f77.mycapapp-db-deployer#flowable-async-job-executor-thread-3061#
[PollStageAppStatusExecution] dc64d260-5386-410e-8dbc-6166ac0f76ca [2026-07-11T20:52:18.465829] up to date in 361ms (STDOUT, STG)#
#2026 07 11 20:52:27.176#Z#DEBUG#48fc5e15-7d6a-11f1-86b9-eeee0a925f77.mycapapp-db-deployer#flowable-async-job-executor-thread-3061#
[PollStageAppStatusExecution] dc64d260-5386-410e-8dbc-6166ac0f76ca [2026-07-11T20:52:18.465858] 4 packages are looking for funding (STDOUT, STG)#
#2026 07 11 20:52:27.176#Z#DEBUG#48fc5e15-7d6a-11f1-86b9-eeee0a925f77.mycapapp-db-deployer#flowable-async-job-executor-thread-3061#
[PollStageAppStatusExecution] dc64d260-5386-410e-8dbc-6166ac0f76ca [2026-07-11T20:52:18.465863] run `npm fund` for details (STDOUT, STG)#
#2026 07 11 20:52:27.176#Z#DEBUG#48fc5e15-7d6a-11f1-86b9-eeee0a925f77.mycapapp-db-deployer#flowable-async-job-executor-thread-3061#
[PollStageAppStatusExecution] dc64d260-5386-410e-8dbc-6166ac0f76ca [2026-07-11T20:52:19.130007] Contrast Security no credentials found. Will not write environment files. (STDOUT, STG)#
#2026 07 11 20:52:37.237#Z#DEBUG#48fc5e15-7d6a-11f1-86b9-eeee0a925f77.mycapapp-db-deployer#flowable-async-job-executor-thread-3068#
[PollStageAppStatusExecution] dc64d260-5386-410e-8dbc-6166ac0f76ca [2026-07-11T20:52:28.784843] Exit status 0 (STDOUT, STG)#
#2026 07 11 20:52:37.237#Z#DEBUG#48fc5e15-7d6a-11f1-86b9-eeee0a925f77.mycapapp-db-deployer#flowable-async-job-executor-thread-3068#
[PollStageAppStatusExecution] dc64d260-5386-410e-8dbc-6166ac0f76ca [2026-07-11T20:52:28.784905] Uploading droplet, build artifacts cache... (STDOUT, STG)#
#2026 07 11 20:52:37.237#Z#DEBUG#48fc5e15-7d6a-11f1-86b9-eeee0a925f77.mycapapp-db-deployer#flowable-async-job-executor-thread-3068#
[PollStageAppStatusExecution] dc64d260-5386-410e-8dbc-6166ac0f76ca [2026-07-11T20:52:28.784987] Uploading droplet... (STDOUT, STG)#
#2026 07 11 20:52:37.237#Z#DEBUG#48fc5e15-7d6a-11f1-86b9-eeee0a925f77.mycapapp-db-deployer#flowable-async-job-executor-thread-3068#
[PollStageAppStatusExecution] dc64d260-5386-410e-8dbc-6166ac0f76ca [2026-07-11T20:52:28.785013] Uploading build artifacts cache... (STDOUT, STG)#
#2026 07 11 20:52:37.237#Z#DEBUG#48fc5e15-7d6a-11f1-86b9-eeee0a925f77.mycapapp-db-deployer#flowable-async-job-executor-thread-3068#
[PollStageAppStatusExecution] dc64d260-5386-410e-8dbc-6166ac0f76ca [2026-07-11T20:52:28.822677] Uploaded build artifacts cache (225B) (STDOUT, STG)#
#2026 07 11 20:52:37.237#Z#DEBUG#48fc5e15-7d6a-11f1-86b9-eeee0a925f77.mycapapp-db-deployer#flowable-async-job-executor-thread-3068#
[PollStageAppStatusExecution] dc64d260-5386-410e-8dbc-6166ac0f76ca [2026-07-11T20:52:29.475111] Creating droplet for app with guid dc64d260-5386-410e-8dbc-6166ac0f76ca (STDOUT, API)#
#2026 07 11 20:52:37.237#Z#DEBUG#48fc5e15-7d6a-11f1-86b9-eeee0a925f77.mycapapp-db-deployer#flowable-async-job-executor-thread-3068#
[PollStageAppStatusExecution] dc64d260-5386-410e-8dbc-6166ac0f76ca [2026-07-11T20:52:33.540808] Uploaded droplet (58.6M) (STDOUT, STG)#
#2026 07 11 20:52:37.237#Z#DEBUG#48fc5e15-7d6a-11f1-86b9-eeee0a925f77.mycapapp-db-deployer#flowable-async-job-executor-thread-3068#
[PollStageAppStatusExecution] dc64d260-5386-410e-8dbc-6166ac0f76ca [2026-07-11T20:52:33.562763] Uploading complete (STDOUT, STG)#
#2026 07 11 20:52:37.237#Z#DEBUG#48fc5e15-7d6a-11f1-86b9-eeee0a925f77.mycapapp-db-deployer#flowable-async-job-executor-thread-3068#
[PollStageAppStatusExecution] dc64d260-5386-410e-8dbc-6166ac0f76ca [2026-07-11T20:52:34.017174] Cell c839c7b1-088e-41af-b9b7-66256aacd457 stopping instance 838cc806-a083-4631-b6d7-5b4b813b9eef (STDOUT, STG)#
#2026 07 11 20:52:37.237#Z#DEBUG#48fc5e15-7d6a-11f1-86b9-eeee0a925f77.mycapapp-db-deployer#flowable-async-job-executor-thread-3068#
[PollStageAppStatusExecution] dc64d260-5386-410e-8dbc-6166ac0f76ca [2026-07-11T20:52:34.017215] Cell c839c7b1-088e-41af-b9b7-66256aacd457 destroying container for instance 838cc806-a083-4631-b6d7-5b4b813b9eef (STDOUT, STG)#
#2026 07 11 20:52:37.237#Z#DEBUG#48fc5e15-7d6a-11f1-86b9-eeee0a925f77.mycapapp-db-deployer#flowable-async-job-executor-thread-3068#
[PollStageAppStatusExecution] dc64d260-5386-410e-8dbc-6166ac0f76ca [2026-07-11T20:52:34.070207] Staging complete for build 838cc806-a083-4631-b6d7-5b4b813b9eef (STDOUT, API)#
#2026 07 11 20:52:37.237#Z#DEBUG#48fc5e15-7d6a-11f1-86b9-eeee0a925f77.mycapapp-db-deployer#flowable-async-job-executor-thread-3068#
[PollStageAppStatusExecution] dc64d260-5386-410e-8dbc-6166ac0f76ca [2026-07-11T20:52:36.893987] Cell c839c7b1-088e-41af-b9b7-66256aacd457 successfully destroyed container for instance 838cc806-a083-4631-b6d7-5b4b813b9eef (STDOUT, STG)#
#2026 07 11 20:52:47.252#Z#DEBUG#48fc5e15-7d6a-11f1-86b9-eeee0a925f77.mycapapp-db-deployer#flowable-async-job-executor-thread-3079#
[PollExecuteTaskStatusExecution] dc64d260-5386-410e-8dbc-6166ac0f76ca [2026-07-11T20:51:43.137327] Updated app with guid dc64d260-5386-410e-8dbc-6166ac0f76ca ({"lifecycle"=>{"data"=>{"buildpacks"=>["nodejs_buildpack"]}, "type"=>"buildpack"}}) (STDOUT, API)#
#2026 07 11 20:52:47.252#Z#DEBUG#48fc5e15-7d6a-11f1-86b9-eeee0a925f77.mycapapp-db-deployer#flowable-async-job-executor-thread-3079#
[PollExecuteTaskStatusExecution] dc64d260-5386-410e-8dbc-6166ac0f76ca [2026-07-11T20:51:43.222818] Updating process: "web" (STDOUT, API)#
#2026 07 11 20:52:47.252#Z#DEBUG#48fc5e15-7d6a-11f1-86b9-eeee0a925f77.mycapapp-db-deployer#flowable-async-job-executor-thread-3079#
[PollExecuteTaskStatusExecution] dc64d260-5386-410e-8dbc-6166ac0f76ca [2026-07-11T20:51:57.336910] Uploading app package for app with guid dc64d260-5386-410e-8dbc-6166ac0f76ca (STDOUT, API)#
#2026 07 11 20:52:47.252#Z#DEBUG#48fc5e15-7d6a-11f1-86b9-eeee0a925f77.mycapapp-db-deployer#flowable-async-job-executor-thread-3079#
[PollExecuteTaskStatusExecution] dc64d260-5386-410e-8dbc-6166ac0f76ca [2026-07-11T20:51:57.571157] Updated app with guid dc64d260-5386-410e-8dbc-6166ac0f76ca ({"environment_variables"=>"[PRIVATE DATA HIDDEN]"}) (STDOUT, API)#
#2026 07 11 20:52:47.252#Z#DEBUG#48fc5e15-7d6a-11f1-86b9-eeee0a925f77.mycapapp-db-deployer#flowable-async-job-executor-thread-3079#
[PollExecuteTaskStatusExecution] dc64d260-5386-410e-8dbc-6166ac0f76ca [2026-07-11T20:52:07.371514] Creating build for app with guid dc64d260-5386-410e-8dbc-6166ac0f76ca (STDOUT, API)#
#2026 07 11 20:52:47.252#Z#DEBUG#48fc5e15-7d6a-11f1-86b9-eeee0a925f77.mycapapp-db-deployer#flowable-async-job-executor-thread-3079#
[PollExecuteTaskStatusExecution] dc64d260-5386-410e-8dbc-6166ac0f76ca [2026-07-11T20:52:07.851772] Downloading nodejs_buildpack... (STDOUT, STG)#
#2026 07 11 20:52:47.252#Z#DEBUG#48fc5e15-7d6a-11f1-86b9-eeee0a925f77.mycapapp-db-deployer#flowable-async-job-executor-thread-3079#
[PollExecuteTaskStatusExecution] dc64d260-5386-410e-8dbc-6166ac0f76ca [2026-07-11T20:52:07.903895] Downloaded nodejs_buildpack (STDOUT, STG)#
#2026 07 11 20:52:47.252#Z#DEBUG#48fc5e15-7d6a-11f1-86b9-eeee0a925f77.mycapapp-db-deployer#flowable-async-job-executor-thread-3079#
[PollExecuteTaskStatusExecution] dc64d260-5386-410e-8dbc-6166ac0f76ca [2026-07-11T20:52:07.903984] Cell c839c7b1-088e-41af-b9b7-66256aacd457 creating container for instance 838cc806-a083-4631-b6d7-5b4b813b9eef (STDOUT, STG)#
#2026 07 11 20:52:47.252#Z#DEBUG#48fc5e15-7d6a-11f1-86b9-eeee0a925f77.mycapapp-db-deployer#flowable-async-job-executor-thread-3079#
[PollExecuteTaskStatusExecution] dc64d260-5386-410e-8dbc-6166ac0f76ca [2026-07-11T20:52:08.774059] Security group rules were updated (STDOUT, STG)#
#2026 07 11 20:52:47.252#Z#DEBUG#48fc5e15-7d6a-11f1-86b9-eeee0a925f77.mycapapp-db-deployer#flowable-async-job-executor-thread-3079#
[PollExecuteTaskStatusExecution] dc64d260-5386-410e-8dbc-6166ac0f76ca [2026-07-11T20:52:08.878610] Cell c839c7b1-088e-41af-b9b7-66256aacd457 successfully created container for instance 838cc806-a083-4631-b6d7-5b4b813b9eef (STDOUT, STG)#
#2026 07 11 20:52:47.252#Z#DEBUG#48fc5e15-7d6a-11f1-86b9-eeee0a925f77.mycapapp-db-deployer#flowable-async-job-executor-thread-3079#
[PollExecuteTaskStatusExecution] dc64d260-5386-410e-8dbc-6166ac0f76ca [2026-07-11T20:52:09.611818] Downloading build artifacts cache... (STDOUT, STG)#
#2026 07 11 20:52:47.252#Z#DEBUG#48fc5e15-7d6a-11f1-86b9-eeee0a925f77.mycapapp-db-deployer#flowable-async-job-executor-thread-3079#
[PollExecuteTaskStatusExecution] dc64d260-5386-410e-8dbc-6166ac0f76ca [2026-07-11T20:52:09.611824] Downloading app package... (STDOUT, STG)#
#2026 07 11 20:52:47.252#Z#DEBUG#48fc5e15-7d6a-11f1-86b9-eeee0a925f77.mycapapp-db-deployer#flowable-async-job-executor-thread-3079#
[PollExecuteTaskStatusExecution] dc64d260-5386-410e-8dbc-6166ac0f76ca [2026-07-11T20:52:09.707701] Downloaded build artifacts cache (214B) (STDOUT, STG)#
#2026 07 11 20:52:47.252#Z#DEBUG#48fc5e15-7d6a-11f1-86b9-eeee0a925f77.mycapapp-db-deployer#flowable-async-job-executor-thread-3079#
[PollExecuteTaskStatusExecution] dc64d260-5386-410e-8dbc-6166ac0f76ca [2026-07-11T20:52:09.996159] Downloaded app package (2.4M) (STDOUT, STG)#
#2026 07 11 20:52:47.252#Z#DEBUG#48fc5e15-7d6a-11f1-86b9-eeee0a925f77.mycapapp-db-deployer#flowable-async-job-executor-thread-3079#
[PollExecuteTaskStatusExecution] dc64d260-5386-410e-8dbc-6166ac0f76ca [2026-07-11T20:52:10.122105] -----> Nodejs Buildpack version 1.9.2 (STDOUT, STG)#
#2026 07 11 20:52:47.252#Z#DEBUG#48fc5e15-7d6a-11f1-86b9-eeee0a925f77.mycapapp-db-deployer#flowable-async-job-executor-thread-3079#
[PollExecuteTaskStatusExecution] dc64d260-5386-410e-8dbc-6166ac0f76ca [2026-07-11T20:52:10.325444] -----> Bootstrapping python (STDOUT, STG)#
#2026 07 11 20:52:47.252#Z#DEBUG#48fc5e15-7d6a-11f1-86b9-eeee0a925f77.mycapapp-db-deployer#flowable-async-job-executor-thread-3079#
[PollExecuteTaskStatusExecution] dc64d260-5386-410e-8dbc-6166ac0f76ca [2026-07-11T20:52:10.325478] -----> Installing python 3.13.13 (STDOUT, STG)#
#2026 07 11 20:52:47.252#Z#DEBUG#48fc5e15-7d6a-11f1-86b9-eeee0a925f77.mycapapp-db-deployer#flowable-async-job-executor-thread-3079#
[PollExecuteTaskStatusExecution] dc64d260-5386-410e-8dbc-6166ac0f76ca [2026-07-11T20:52:10.325562] Copy [/tmp/buildpacks/17bd89c67d092631/dependencies/268a5e3743d51a14b86ea9da64439307/python_3.13.13_linux_x64_cflinuxfs4_8311abbf.tgz] (STDOUT, STG)#
#2026 07 11 20:52:47.252#Z#DEBUG#48fc5e15-7d6a-11f1-86b9-eeee0a925f77.mycapapp-db-deployer#flowable-async-job-executor-thread-3079#
[PollExecuteTaskStatusExecution] dc64d260-5386-410e-8dbc-6166ac0f76ca [2026-07-11T20:52:14.498643] -----> Installing binaries (STDOUT, STG)#
#2026 07 11 20:52:47.252#Z#DEBUG#48fc5e15-7d6a-11f1-86b9-eeee0a925f77.mycapapp-db-deployer#flowable-async-job-executor-thread-3079#
[PollExecuteTaskStatusExecution] dc64d260-5386-410e-8dbc-6166ac0f76ca [2026-07-11T20:52:14.498747] engines.node (package.json): >=18 (STDOUT, STG)#
#2026 07 11 20:52:47.252#Z#DEBUG#48fc5e15-7d6a-11f1-86b9-eeee0a925f77.mycapapp-db-deployer#flowable-async-job-executor-thread-3079#
[PollExecuteTaskStatusExecution] dc64d260-5386-410e-8dbc-6166ac0f76ca [2026-07-11T20:52:14.498825] engines.npm (package.json): unspecified (use default) (STDOUT, STG)#
#2026 07 11 20:52:47.252#Z#DEBUG#48fc5e15-7d6a-11f1-86b9-eeee0a925f77.mycapapp-db-deployer#flowable-async-job-executor-thread-3079#
[PollExecuteTaskStatusExecution] dc64d260-5386-410e-8dbc-6166ac0f76ca [2026-07-11T20:52:14.498938] [31;1m**WARNING**[0m Dangerous semver range (>) in engines.node. See: http://docs.cloudfoundry.org/buildpacks/node/node-tips.html (STDOUT, STG)#
#2026 07 11 20:52:47.252#Z#DEBUG#48fc5e15-7d6a-11f1-86b9-eeee0a925f77.mycapapp-db-deployer#flowable-async-job-executor-thread-3079#
[PollExecuteTaskStatusExecution] dc64d260-5386-410e-8dbc-6166ac0f76ca [2026-07-11T20:52:14.499076] -----> Installing node 24.15.0 (STDOUT, STG)#
#2026 07 11 20:52:47.252#Z#DEBUG#48fc5e15-7d6a-11f1-86b9-eeee0a925f77.mycapapp-db-deployer#flowable-async-job-executor-thread-3079#
[PollExecuteTaskStatusExecution] dc64d260-5386-410e-8dbc-6166ac0f76ca [2026-07-11T20:52:14.499322] Copy [/tmp/buildpacks/17bd89c67d092631/dependencies/6441e97e6386f47ec4c16cfdf8db0a17/node_24.15.0_linux_x64_cflinuxfs4_1a62d98b.tgz] (STDOUT, STG)#
#2026 07 11 20:52:47.252#Z#DEBUG#48fc5e15-7d6a-11f1-86b9-eeee0a925f77.mycapapp-db-deployer#flowable-async-job-executor-thread-3079#
[PollExecuteTaskStatusExecution] dc64d260-5386-410e-8dbc-6166ac0f76ca [2026-07-11T20:52:16.995312] Using default npm version: 11.12.1 (STDOUT, STG)#
#2026 07 11 20:52:47.252#Z#DEBUG#48fc5e15-7d6a-11f1-86b9-eeee0a925f77.mycapapp-db-deployer#flowable-async-job-executor-thread-3079#
[PollExecuteTaskStatusExecution] dc64d260-5386-410e-8dbc-6166ac0f76ca [2026-07-11T20:52:16.995346] -----> Installing yarn 1.22.22 (STDOUT, STG)#
#2026 07 11 20:52:47.252#Z#DEBUG#48fc5e15-7d6a-11f1-86b9-eeee0a925f77.mycapapp-db-deployer#flowable-async-job-executor-thread-3079#
[PollExecuteTaskStatusExecution] dc64d260-5386-410e-8dbc-6166ac0f76ca [2026-07-11T20:52:16.995422] Copy [/tmp/buildpacks/17bd89c67d092631/dependencies/e4fe26756e9984a665478d350474fa2e/yarn_1.22.22_linux_noarch_any-stack_b6132b86.tgz] (STDOUT, STG)#
#2026 07 11 20:52:47.252#Z#DEBUG#48fc5e15-7d6a-11f1-86b9-eeee0a925f77.mycapapp-db-deployer#flowable-async-job-executor-thread-3079#
[PollExecuteTaskStatusExecution] dc64d260-5386-410e-8dbc-6166ac0f76ca [2026-07-11T20:52:17.366541] Installed yarn 1.22.22 (STDOUT, STG)#
#2026 07 11 20:52:47.252#Z#DEBUG#48fc5e15-7d6a-11f1-86b9-eeee0a925f77.mycapapp-db-deployer#flowable-async-job-executor-thread-3079#
[PollExecuteTaskStatusExecution] dc64d260-5386-410e-8dbc-6166ac0f76ca [2026-07-11T20:52:17.366582] -----> Creating runtime environment (STDOUT, STG)#
#2026 07 11 20:52:47.252#Z#DEBUG#48fc5e15-7d6a-11f1-86b9-eeee0a925f77.mycapapp-db-deployer#flowable-async-job-executor-thread-3079#
[PollExecuteTaskStatusExecution] dc64d260-5386-410e-8dbc-6166ac0f76ca [2026-07-11T20:52:17.368474] NODE_ENV=production (STDOUT, STG)#
#2026 07 11 20:52:47.253#Z#DEBUG#48fc5e15-7d6a-11f1-86b9-eeee0a925f77.mycapapp-db-deployer#flowable-async-job-executor-thread-3079#
[PollExecuteTaskStatusExecution] dc64d260-5386-410e-8dbc-6166ac0f76ca [2026-07-11T20:52:17.368493] NODE_HOME=/tmp/contents352926144/deps/0/node (STDOUT, STG)#
#2026 07 11 20:52:47.253#Z#DEBUG#48fc5e15-7d6a-11f1-86b9-eeee0a925f77.mycapapp-db-deployer#flowable-async-job-executor-thread-3079#
[PollExecuteTaskStatusExecution] dc64d260-5386-410e-8dbc-6166ac0f76ca [2026-07-11T20:52:17.368496] NODE_MODULES_CACHE=true (STDOUT, STG)#
#2026 07 11 20:52:47.253#Z#DEBUG#48fc5e15-7d6a-11f1-86b9-eeee0a925f77.mycapapp-db-deployer#flowable-async-job-executor-thread-3079#
[PollExecuteTaskStatusExecution] dc64d260-5386-410e-8dbc-6166ac0f76ca [2026-07-11T20:52:17.368498] NODE_VERBOSE=false (STDOUT, STG)#
#2026 07 11 20:52:47.253#Z#DEBUG#48fc5e15-7d6a-11f1-86b9-eeee0a925f77.mycapapp-db-deployer#flowable-async-job-executor-thread-3079#
[PollExecuteTaskStatusExecution] dc64d260-5386-410e-8dbc-6166ac0f76ca [2026-07-11T20:52:17.368500] NPM_CONFIG_LOGLEVEL=error (STDOUT, STG)#
#2026 07 11 20:52:47.253#Z#DEBUG#48fc5e15-7d6a-11f1-86b9-eeee0a925f77.mycapapp-db-deployer#flowable-async-job-executor-thread-3079#
[PollExecuteTaskStatusExecution] dc64d260-5386-410e-8dbc-6166ac0f76ca [2026-07-11T20:52:17.368503] NPM_CONFIG_PRODUCTION=true (STDOUT, STG)#
#2026 07 11 20:52:47.253#Z#DEBUG#48fc5e15-7d6a-11f1-86b9-eeee0a925f77.mycapapp-db-deployer#flowable-async-job-executor-thread-3079#
[PollExecuteTaskStatusExecution] dc64d260-5386-410e-8dbc-6166ac0f76ca [2026-07-11T20:52:17.368553] -----> Building dependencies (STDOUT, STG)#
#2026 07 11 20:52:47.253#Z#DEBUG#48fc5e15-7d6a-11f1-86b9-eeee0a925f77.mycapapp-db-deployer#flowable-async-job-executor-thread-3079#
[PollExecuteTaskStatusExecution] dc64d260-5386-410e-8dbc-6166ac0f76ca [2026-07-11T20:52:17.368572] Prebuild detected (node_modules already exists) (STDOUT, STG)#
#2026 07 11 20:52:47.253#Z#DEBUG#48fc5e15-7d6a-11f1-86b9-eeee0a925f77.mycapapp-db-deployer#flowable-async-job-executor-thread-3079#
[PollExecuteTaskStatusExecution] dc64d260-5386-410e-8dbc-6166ac0f76ca [2026-07-11T20:52:17.368578] Rebuilding any native modules (STDOUT, STG)#
#2026 07 11 20:52:47.253#Z#DEBUG#48fc5e15-7d6a-11f1-86b9-eeee0a925f77.mycapapp-db-deployer#flowable-async-job-executor-thread-3079#
[PollExecuteTaskStatusExecution] dc64d260-5386-410e-8dbc-6166ac0f76ca [2026-07-11T20:52:17.949649] rebuilt dependencies successfully (STDOUT, STG)#
#2026 07 11 20:52:47.253#Z#DEBUG#48fc5e15-7d6a-11f1-86b9-eeee0a925f77.mycapapp-db-deployer#flowable-async-job-executor-thread-3079#
[PollExecuteTaskStatusExecution] dc64d260-5386-410e-8dbc-6166ac0f76ca [2026-07-11T20:52:18.019143] Installing any new modules (package.json + package-lock.json) (STDOUT, STG)#
#2026 07 11 20:52:47.253#Z#DEBUG#48fc5e15-7d6a-11f1-86b9-eeee0a925f77.mycapapp-db-deployer#flowable-async-job-executor-thread-3079#
[PollExecuteTaskStatusExecution] dc64d260-5386-410e-8dbc-6166ac0f76ca [2026-07-11T20:52:18.465829] up to date in 361ms (STDOUT, STG)#
#2026 07 11 20:52:47.253#Z#DEBUG#48fc5e15-7d6a-11f1-86b9-eeee0a925f77.mycapapp-db-deployer#flowable-async-job-executor-thread-3079#
[PollExecuteTaskStatusExecution] dc64d260-5386-410e-8dbc-6166ac0f76ca [2026-07-11T20:52:18.465858] 4 packages are looking for funding (STDOUT, STG)#
#2026 07 11 20:52:47.253#Z#DEBUG#48fc5e15-7d6a-11f1-86b9-eeee0a925f77.mycapapp-db-deployer#flowable-async-job-executor-thread-3079#
[PollExecuteTaskStatusExecution] dc64d260-5386-410e-8dbc-6166ac0f76ca [2026-07-11T20:52:18.465863] run `npm fund` for details (STDOUT, STG)#
#2026 07 11 20:52:47.253#Z#DEBUG#48fc5e15-7d6a-11f1-86b9-eeee0a925f77.mycapapp-db-deployer#flowable-async-job-executor-thread-3079#
[PollExecuteTaskStatusExecution] dc64d260-5386-410e-8dbc-6166ac0f76ca [2026-07-11T20:52:19.130007] Contrast Security no credentials found. Will not write environment files. (STDOUT, STG)#
#2026 07 11 20:52:47.253#Z#DEBUG#48fc5e15-7d6a-11f1-86b9-eeee0a925f77.mycapapp-db-deployer#flowable-async-job-executor-thread-3079#
[PollExecuteTaskStatusExecution] dc64d260-5386-410e-8dbc-6166ac0f76ca [2026-07-11T20:52:28.784843] Exit status 0 (STDOUT, STG)#
#2026 07 11 20:52:47.253#Z#DEBUG#48fc5e15-7d6a-11f1-86b9-eeee0a925f77.mycapapp-db-deployer#flowable-async-job-executor-thread-3079#
[PollExecuteTaskStatusExecution] dc64d260-5386-410e-8dbc-6166ac0f76ca [2026-07-11T20:52:28.784905] Uploading droplet, build artifacts cache... (STDOUT, STG)#
#2026 07 11 20:52:47.253#Z#DEBUG#48fc5e15-7d6a-11f1-86b9-eeee0a925f77.mycapapp-db-deployer#flowable-async-job-executor-thread-3079#
[PollExecuteTaskStatusExecution] dc64d260-5386-410e-8dbc-6166ac0f76ca [2026-07-11T20:52:28.784987] Uploading droplet... (STDOUT, STG)#
#2026 07 11 20:52:47.253#Z#DEBUG#48fc5e15-7d6a-11f1-86b9-eeee0a925f77.mycapapp-db-deployer#flowable-async-job-executor-thread-3079#
[PollExecuteTaskStatusExecution] dc64d260-5386-410e-8dbc-6166ac0f76ca [2026-07-11T20:52:28.785013] Uploading build artifacts cache... (STDOUT, STG)#
#2026 07 11 20:52:47.253#Z#DEBUG#48fc5e15-7d6a-11f1-86b9-eeee0a925f77.mycapapp-db-deployer#flowable-async-job-executor-thread-3079#
[PollExecuteTaskStatusExecution] dc64d260-5386-410e-8dbc-6166ac0f76ca [2026-07-11T20:52:28.822677] Uploaded build artifacts cache (225B) (STDOUT, STG)#
#2026 07 11 20:52:47.253#Z#DEBUG#48fc5e15-7d6a-11f1-86b9-eeee0a925f77.mycapapp-db-deployer#flowable-async-job-executor-thread-3079#
[PollExecuteTaskStatusExecution] dc64d260-5386-410e-8dbc-6166ac0f76ca [2026-07-11T20:52:29.475111] Creating droplet for app with guid dc64d260-5386-410e-8dbc-6166ac0f76ca (STDOUT, API)#
#2026 07 11 20:52:47.253#Z#DEBUG#48fc5e15-7d6a-11f1-86b9-eeee0a925f77.mycapapp-db-deployer#flowable-async-job-executor-thread-3079#
[PollExecuteTaskStatusExecution] dc64d260-5386-410e-8dbc-6166ac0f76ca [2026-07-11T20:52:33.540808] Uploaded droplet (58.6M) (STDOUT, STG)#
#2026 07 11 20:52:47.253#Z#DEBUG#48fc5e15-7d6a-11f1-86b9-eeee0a925f77.mycapapp-db-deployer#flowable-async-job-executor-thread-3079#
[PollExecuteTaskStatusExecution] dc64d260-5386-410e-8dbc-6166ac0f76ca [2026-07-11T20:52:33.562763] Uploading complete (STDOUT, STG)#
#2026 07 11 20:52:47.253#Z#DEBUG#48fc5e15-7d6a-11f1-86b9-eeee0a925f77.mycapapp-db-deployer#flowable-async-job-executor-thread-3079#
[PollExecuteTaskStatusExecution] dc64d260-5386-410e-8dbc-6166ac0f76ca [2026-07-11T20:52:34.017174] Cell c839c7b1-088e-41af-b9b7-66256aacd457 stopping instance 838cc806-a083-4631-b6d7-5b4b813b9eef (STDOUT, STG)#
#2026 07 11 20:52:47.253#Z#DEBUG#48fc5e15-7d6a-11f1-86b9-eeee0a925f77.mycapapp-db-deployer#flowable-async-job-executor-thread-3079#
[PollExecuteTaskStatusExecution] dc64d260-5386-410e-8dbc-6166ac0f76ca [2026-07-11T20:52:34.017215] Cell c839c7b1-088e-41af-b9b7-66256aacd457 destroying container for instance 838cc806-a083-4631-b6d7-5b4b813b9eef (STDOUT, STG)#
#2026 07 11 20:52:47.253#Z#DEBUG#48fc5e15-7d6a-11f1-86b9-eeee0a925f77.mycapapp-db-deployer#flowable-async-job-executor-thread-3079#
[PollExecuteTaskStatusExecution] dc64d260-5386-410e-8dbc-6166ac0f76ca [2026-07-11T20:52:34.070207] Staging complete for build 838cc806-a083-4631-b6d7-5b4b813b9eef (STDOUT, API)#
#2026 07 11 20:52:47.253#Z#DEBUG#48fc5e15-7d6a-11f1-86b9-eeee0a925f77.mycapapp-db-deployer#flowable-async-job-executor-thread-3079#
[PollExecuteTaskStatusExecution] dc64d260-5386-410e-8dbc-6166ac0f76ca [2026-07-11T20:52:36.893987] Cell c839c7b1-088e-41af-b9b7-66256aacd457 successfully destroyed container for instance 838cc806-a083-4631-b6d7-5b4b813b9eef (STDOUT, STG)#
#2026 07 11 20:52:47.253#Z#DEBUG#48fc5e15-7d6a-11f1-86b9-eeee0a925f77.mycapapp-db-deployer#flowable-async-job-executor-thread-3079#
[PollExecuteTaskStatusExecution] dc64d260-5386-410e-8dbc-6166ac0f76ca [2026-07-11T20:52:37.307868] Updated app with guid dc64d260-5386-410e-8dbc-6166ac0f76ca ({:droplet_guid=>"ed339c08-c30b-441f-98e6-4f80fb66e03e"}) (STDOUT, API)#
#2026 07 11 20:52:47.253#Z#DEBUG#48fc5e15-7d6a-11f1-86b9-eeee0a925f77.mycapapp-db-deployer#flowable-async-job-executor-thread-3079#
[PollExecuteTaskStatusExecution] dc64d260-5386-410e-8dbc-6166ac0f76ca [2026-07-11T20:52:37.855662] Cell c839c7b1-088e-41af-b9b7-66256aacd457 creating container for instance d544db6e-ba7c-4da1-8008-0c4ac45dfb86 (STDOUT, CELL)#
#2026 07 11 20:52:47.253#Z#DEBUG#48fc5e15-7d6a-11f1-86b9-eeee0a925f77.mycapapp-db-deployer#flowable-async-job-executor-thread-3079#
[PollExecuteTaskStatusExecution] dc64d260-5386-410e-8dbc-6166ac0f76ca [2026-07-11T20:52:38.739151] Security group rules were updated (STDOUT, CELL)#
#2026 07 11 20:52:47.253#Z#DEBUG#48fc5e15-7d6a-11f1-86b9-eeee0a925f77.mycapapp-db-deployer#flowable-async-job-executor-thread-3079#
[PollExecuteTaskStatusExecution] dc64d260-5386-410e-8dbc-6166ac0f76ca [2026-07-11T20:52:38.839644] Cell c839c7b1-088e-41af-b9b7-66256aacd457 successfully created container for instance d544db6e-ba7c-4da1-8008-0c4ac45dfb86 (STDOUT, CELL)#
#2026 07 11 20:52:47.253#Z#DEBUG#48fc5e15-7d6a-11f1-86b9-eeee0a925f77.mycapapp-db-deployer#flowable-async-job-executor-thread-3079#
[PollExecuteTaskStatusExecution] dc64d260-5386-410e-8dbc-6166ac0f76ca [2026-07-11T20:52:43.634918] Invoking pre-start scripts. (STDOUT, APP/TASK/deploy)#
#2026 07 11 20:52:47.253#Z#DEBUG#48fc5e15-7d6a-11f1-86b9-eeee0a925f77.mycapapp-db-deployer#flowable-async-job-executor-thread-3079#
[PollExecuteTaskStatusExecution] dc64d260-5386-410e-8dbc-6166ac0f76ca [2026-07-11T20:52:43.837645] Invoking start command. (STDOUT, APP/TASK/deploy)#
#2026 07 11 20:52:47.253#Z#DEBUG#48fc5e15-7d6a-11f1-86b9-eeee0a925f77.mycapapp-db-deployer#flowable-async-job-executor-thread-3079#
[PollExecuteTaskStatusExecution] dc64d260-5386-410e-8dbc-6166ac0f76ca [2026-07-11T20:52:44.298930] > start (STDOUT, APP/TASK/deploy)#
#2026 07 11 20:52:47.253#Z#DEBUG#48fc5e15-7d6a-11f1-86b9-eeee0a925f77.mycapapp-db-deployer#flowable-async-job-executor-thread-3079#
[PollExecuteTaskStatusExecution] dc64d260-5386-410e-8dbc-6166ac0f76ca [2026-07-11T20:52:44.298961] > node node_modules/@sap/hdi-deploy/deploy.js --use-hdb --parameter com.sap.hana.di.table/try_fast_table_migration=true (STDOUT, APP/TASK/deploy)#
#2026 07 11 20:52:47.253#Z#DEBUG#48fc5e15-7d6a-11f1-86b9-eeee0a925f77.mycapapp-db-deployer#flowable-async-job-executor-thread-3079#
[PollExecuteTaskStatusExecution] dc64d260-5386-410e-8dbc-6166ac0f76ca [2026-07-11T20:52:44.453272] VCAP_SERVICES: (STDOUT, APP/TASK/deploy)#
#2026 07 11 20:52:47.253#Z#DEBUG#48fc5e15-7d6a-11f1-86b9-eeee0a925f77.mycapapp-db-deployer#flowable-async-job-executor-thread-3079#
[PollExecuteTaskStatusExecution] dc64d260-5386-410e-8dbc-6166ac0f76ca [2026-07-11T20:52:44.453803] { (STDOUT, APP/TASK/deploy)#
#2026 07 11 20:52:47.253#Z#DEBUG#48fc5e15-7d6a-11f1-86b9-eeee0a925f77.mycapapp-db-deployer#flowable-async-job-executor-thread-3079#
[PollExecuteTaskStatusExecution] dc64d260-5386-410e-8dbc-6166ac0f76ca [2026-07-11T20:52:44.453820] "hana": [ (STDOUT, APP/TASK/deploy)#
#2026 07 11 20:52:47.253#Z#DEBUG#48fc5e15-7d6a-11f1-86b9-eeee0a925f77.mycapapp-db-deployer#flowable-async-job-executor-thread-3079#
[PollExecuteTaskStatusExecution] dc64d260-5386-410e-8dbc-6166ac0f76ca [2026-07-11T20:52:44.453823] { (STDOUT, APP/TASK/deploy)#
#2026 07 11 20:52:47.253#Z#DEBUG#48fc5e15-7d6a-11f1-86b9-eeee0a925f77.mycapapp-db-deployer#flowable-async-job-executor-thread-3079#
[PollExecuteTaskStatusExecution] dc64d260-5386-410e-8dbc-6166ac0f76ca [2026-07-11T20:52:44.453831] "name": "mycapapp-db", (STDOUT, APP/TASK/deploy)#
#2026 07 11 20:52:47.253#Z#DEBUG#48fc5e15-7d6a-11f1-86b9-eeee0a925f77.mycapapp-db-deployer#flowable-async-job-executor-thread-3079#
[PollExecuteTaskStatusExecution] dc64d260-5386-410e-8dbc-6166ac0f76ca [2026-07-11T20:52:44.453836] "label": "hana", (STDOUT, APP/TASK/deploy)#
#2026 07 11 20:52:47.253#Z#DEBUG#48fc5e15-7d6a-11f1-86b9-eeee0a925f77.mycapapp-db-deployer#flowable-async-job-executor-thread-3079#
[PollExecuteTaskStatusExecution] dc64d260-5386-410e-8dbc-6166ac0f76ca [2026-07-11T20:52:44.453838] "plan": "hdi-shared", (STDOUT, APP/TASK/deploy)#
#2026 07 11 20:52:47.253#Z#DEBUG#48fc5e15-7d6a-11f1-86b9-eeee0a925f77.mycapapp-db-deployer#flowable-async-job-executor-thread-3079#
[PollExecuteTaskStatusExecution] dc64d260-5386-410e-8dbc-6166ac0f76ca [2026-07-11T20:52:44.453840] "credentials": { (STDOUT, APP/TASK/deploy)#
#2026 07 11 20:52:47.253#Z#DEBUG#48fc5e15-7d6a-11f1-86b9-eeee0a925f77.mycapapp-db-deployer#flowable-async-job-executor-thread-3079#
[PollExecuteTaskStatusExecution] dc64d260-5386-410e-8dbc-6166ac0f76ca [2026-07-11T20:52:44.453844] "schema": "D4901AFE066A4C098C4309E6D37D93C6", (STDOUT, APP/TASK/deploy)#
#2026 07 11 20:52:47.253#Z#DEBUG#48fc5e15-7d6a-11f1-86b9-eeee0a925f77.mycapapp-db-deployer#flowable-async-job-executor-thread-3079#
[PollExecuteTaskStatusExecution] dc64d260-5386-410e-8dbc-6166ac0f76ca [2026-07-11T20:52:44.453847] "database_id": "3302dac8-1bb4-49a3-8762-f9acdf0c7b55", (STDOUT, APP/TASK/deploy)#
#2026 07 11 20:52:47.253#Z#DEBUG#48fc5e15-7d6a-11f1-86b9-eeee0a925f77.mycapapp-db-deployer#flowable-async-job-executor-thread-3079#
[PollExecuteTaskStatusExecution] dc64d260-5386-410e-8dbc-6166ac0f76ca [2026-07-11T20:52:44.453850] "user": "D4901AFE066A4C098C4309E6D37D93C6_09RHI7B02QXQCAPC44VV9YKVG_RT", (STDOUT, APP/TASK/deploy)#
#2026 07 11 20:52:47.253#Z#DEBUG#48fc5e15-7d6a-11f1-86b9-eeee0a925f77.mycapapp-db-deployer#flowable-async-job-executor-thread-3079#
[PollExecuteTaskStatusExecution] dc64d260-5386-410e-8dbc-6166ac0f76ca [2026-07-11T20:52:44.453854] "hdi_user": "D4901AFE066A4C098C4309E6D37D93C6_09RHI7B02QXQCAPC44VV9YKVG_DT" (STDOUT, APP/TASK/deploy)#
#2026 07 11 20:52:47.253#Z#DEBUG#48fc5e15-7d6a-11f1-86b9-eeee0a925f77.mycapapp-db-deployer#flowable-async-job-executor-thread-3079#
[PollExecuteTaskStatusExecution] dc64d260-5386-410e-8dbc-6166ac0f76ca [2026-07-11T20:52:44.453856] }, (STDOUT, APP/TASK/deploy)#
#2026 07 11 20:52:47.253#Z#DEBUG#48fc5e15-7d6a-11f1-86b9-eeee0a925f77.mycapapp-db-deployer#flowable-async-job-executor-thread-3079#
[PollExecuteTaskStatusExecution] dc64d260-5386-410e-8dbc-6166ac0f76ca [2026-07-11T20:52:44.453860] "tags": [ (STDOUT, APP/TASK/deploy)#
#2026 07 11 20:52:47.253#Z#DEBUG#48fc5e15-7d6a-11f1-86b9-eeee0a925f77.mycapapp-db-deployer#flowable-async-job-executor-thread-3079#
[PollExecuteTaskStatusExecution] dc64d260-5386-410e-8dbc-6166ac0f76ca [2026-07-11T20:52:44.453862] "hana", (STDOUT, APP/TASK/deploy)#
#2026 07 11 20:52:47.253#Z#DEBUG#48fc5e15-7d6a-11f1-86b9-eeee0a925f77.mycapapp-db-deployer#flowable-async-job-executor-thread-3079#
[PollExecuteTaskStatusExecution] dc64d260-5386-410e-8dbc-6166ac0f76ca [2026-07-11T20:52:44.453868] "database", (STDOUT, APP/TASK/deploy)#
#2026 07 11 20:52:47.253#Z#DEBUG#48fc5e15-7d6a-11f1-86b9-eeee0a925f77.mycapapp-db-deployer#flowable-async-job-executor-thread-3079#
[PollExecuteTaskStatusExecution] dc64d260-5386-410e-8dbc-6166ac0f76ca [2026-07-11T20:52:44.453870] "relational" (STDOUT, APP/TASK/deploy)#
#2026 07 11 20:52:47.253#Z#DEBUG#48fc5e15-7d6a-11f1-86b9-eeee0a925f77.mycapapp-db-deployer#flowable-async-job-executor-thread-3079#
[PollExecuteTaskStatusExecution] dc64d260-5386-410e-8dbc-6166ac0f76ca [2026-07-11T20:52:44.453872] ] (STDOUT, APP/TASK/deploy)#
#2026 07 11 20:52:47.253#Z#DEBUG#48fc5e15-7d6a-11f1-86b9-eeee0a925f77.mycapapp-db-deployer#flowable-async-job-executor-thread-3079#
[PollExecuteTaskStatusExecution] dc64d260-5386-410e-8dbc-6166ac0f76ca [2026-07-11T20:52:44.453874] } (STDOUT, APP/TASK/deploy)#
#2026 07 11 20:52:47.253#Z#DEBUG#48fc5e15-7d6a-11f1-86b9-eeee0a925f77.mycapapp-db-deployer#flowable-async-job-executor-thread-3079#
[PollExecuteTaskStatusExecution] dc64d260-5386-410e-8dbc-6166ac0f76ca [2026-07-11T20:52:44.453876] ] (STDOUT, APP/TASK/deploy)#
#2026 07 11 20:52:47.253#Z#DEBUG#48fc5e15-7d6a-11f1-86b9-eeee0a925f77.mycapapp-db-deployer#flowable-async-job-executor-thread-3079#
[PollExecuteTaskStatusExecution] dc64d260-5386-410e-8dbc-6166ac0f76ca [2026-07-11T20:52:44.453878] } (STDOUT, APP/TASK/deploy)#
#2026 07 11 20:52:47.253#Z#DEBUG#48fc5e15-7d6a-11f1-86b9-eeee0a925f77.mycapapp-db-deployer#flowable-async-job-executor-thread-3079#
[PollExecuteTaskStatusExecution] dc64d260-5386-410e-8dbc-6166ac0f76ca [2026-07-11T20:52:44.931218] @sap/hdi-deploy, version 5.7.0 (mode default), server version 4.00.000.00.1782807759 (4.0.0.0), cloud version 2026.14.9, node version 24.15.0, HDI version 1016, container API version 1007 (STDOUT, APP/TASK/deploy)#
#2026 07 11 20:52:47.253#Z#DEBUG#48fc5e15-7d6a-11f1-86b9-eeee0a925f77.mycapapp-db-deployer#flowable-async-job-executor-thread-3079#
[PollExecuteTaskStatusExecution] dc64d260-5386-410e-8dbc-6166ac0f76ca [2026-07-11T20:52:44.931314] Deployment started at 2026-07-11 20:52:44 (STDOUT, APP/TASK/deploy)#
#2026 07 11 20:52:47.253#Z#DEBUG#48fc5e15-7d6a-11f1-86b9-eeee0a925f77.mycapapp-db-deployer#flowable-async-job-executor-thread-3079#
[PollExecuteTaskStatusExecution] dc64d260-5386-410e-8dbc-6166ac0f76ca [2026-07-11T20:52:44.931476] Using hdb@2.29.5 for connection (STDOUT, APP/TASK/deploy)#
#2026 07 11 20:52:47.253#Z#DEBUG#48fc5e15-7d6a-11f1-86b9-eeee0a925f77.mycapapp-db-deployer#flowable-async-job-executor-thread-3079#
[PollExecuteTaskStatusExecution] dc64d260-5386-410e-8dbc-6166ac0f76ca [2026-07-11T20:52:44.951359] No ignore file at /home/vcap/app/.hdiignore. (STDOUT, APP/TASK/deploy)#
#2026 07 11 20:52:47.253#Z#DEBUG#48fc5e15-7d6a-11f1-86b9-eeee0a925f77.mycapapp-db-deployer#flowable-async-job-executor-thread-3079#
[PollExecuteTaskStatusExecution] dc64d260-5386-410e-8dbc-6166ac0f76ca [2026-07-11T20:52:44.951648] Collecting files... (STDOUT, APP/TASK/deploy)#
#2026 07 11 20:52:47.253#Z#DEBUG#48fc5e15-7d6a-11f1-86b9-eeee0a925f77.mycapapp-db-deployer#flowable-async-job-executor-thread-3079#
[PollExecuteTaskStatusExecution] dc64d260-5386-410e-8dbc-6166ac0f76ca [2026-07-11T20:52:44.961851] Collecting files... ok (0s 10ms) (STDOUT, APP/TASK/deploy)#
#2026 07 11 20:52:47.253#Z#DEBUG#48fc5e15-7d6a-11f1-86b9-eeee0a925f77.mycapapp-db-deployer#flowable-async-job-executor-thread-3079#
[PollExecuteTaskStatusExecution] dc64d260-5386-410e-8dbc-6166ac0f76ca [2026-07-11T20:52:44.961896] 3 directories collected (STDOUT, APP/TASK/deploy)#
#2026 07 11 20:52:47.253#Z#DEBUG#48fc5e15-7d6a-11f1-86b9-eeee0a925f77.mycapapp-db-deployer#flowable-async-job-executor-thread-3079#
[PollExecuteTaskStatusExecution] dc64d260-5386-410e-8dbc-6166ac0f76ca [2026-07-11T20:52:44.962088] 69 files collected (STDOUT, APP/TASK/deploy)#
#2026 07 11 20:52:47.253#Z#DEBUG#48fc5e15-7d6a-11f1-86b9-eeee0a925f77.mycapapp-db-deployer#flowable-async-job-executor-thread-3079#
[PollExecuteTaskStatusExecution] dc64d260-5386-410e-8dbc-6166ac0f76ca [2026-07-11T20:52:44.962153] 0 reusable modules collected (STDOUT, APP/TASK/deploy)#
#2026 07 11 20:52:47.253#Z#DEBUG#48fc5e15-7d6a-11f1-86b9-eeee0a925f77.mycapapp-db-deployer#flowable-async-job-executor-thread-3079#
[PollExecuteTaskStatusExecution] dc64d260-5386-410e-8dbc-6166ac0f76ca [2026-07-11T20:52:44.962233] Target service: mycapapp-db (STDOUT, APP/TASK/deploy)#
#2026 07 11 20:52:47.253#Z#DEBUG#48fc5e15-7d6a-11f1-86b9-eeee0a925f77.mycapapp-db-deployer#flowable-async-job-executor-thread-3079#
[PollExecuteTaskStatusExecution] dc64d260-5386-410e-8dbc-6166ac0f76ca [2026-07-11T20:52:45.226212] Previous build with request ID 112 finished at 2026-07-11T01:01:52.472 with status Committed and message: Make succeeded (0 warnings): 69 files deployed (effective 79), 0 files undeployed (effective 0), 0 dependent files redeployed. (STDOUT, APP/TASK/deploy)#
#2026 07 11 20:52:47.253#Z#DEBUG#48fc5e15-7d6a-11f1-86b9-eeee0a925f77.mycapapp-db-deployer#flowable-async-job-executor-thread-3079#
[PollExecuteTaskStatusExecution] dc64d260-5386-410e-8dbc-6166ac0f76ca [2026-07-11T20:52:45.226457] Processing revoke files... (STDOUT, APP/TASK/deploy)#
#2026 07 11 20:52:47.253#Z#DEBUG#48fc5e15-7d6a-11f1-86b9-eeee0a925f77.mycapapp-db-deployer#flowable-async-job-executor-thread-3079#
[PollExecuteTaskStatusExecution] dc64d260-5386-410e-8dbc-6166ac0f76ca [2026-07-11T20:52:45.226593] Processing revoke files... ok (0s 0ms) (STDOUT, APP/TASK/deploy)#
#2026 07 11 20:52:47.253#Z#DEBUG#48fc5e15-7d6a-11f1-86b9-eeee0a925f77.mycapapp-db-deployer#flowable-async-job-executor-thread-3079#
[PollExecuteTaskStatusExecution] dc64d260-5386-410e-8dbc-6166ac0f76ca [2026-07-11T20:52:45.226739] Processing grants files... (STDOUT, APP/TASK/deploy)#
#2026 07 11 20:52:47.253#Z#DEBUG#48fc5e15-7d6a-11f1-86b9-eeee0a925f77.mycapapp-db-deployer#flowable-async-job-executor-thread-3079#
[PollExecuteTaskStatusExecution] dc64d260-5386-410e-8dbc-6166ac0f76ca [2026-07-11T20:52:45.226887] Processing grants files... ok (0s 0ms) (STDOUT, APP/TASK/deploy)#
#2026 07 11 20:52:47.253#Z#DEBUG#48fc5e15-7d6a-11f1-86b9-eeee0a925f77.mycapapp-db-deployer#flowable-async-job-executor-thread-3079#
[PollExecuteTaskStatusExecution] dc64d260-5386-410e-8dbc-6166ac0f76ca [2026-07-11T20:52:45.229247] Preprocessing files... (STDOUT, APP/TASK/deploy)#
#2026 07 11 20:52:47.253#Z#DEBUG#48fc5e15-7d6a-11f1-86b9-eeee0a925f77.mycapapp-db-deployer#flowable-async-job-executor-thread-3079#
[PollExecuteTaskStatusExecution] dc64d260-5386-410e-8dbc-6166ac0f76ca [2026-07-11T20:52:45.229499] Preprocessing files... ok (0s 0ms) (STDOUT, APP/TASK/deploy)#
#2026 07 11 20:52:47.253#Z#DEBUG#48fc5e15-7d6a-11f1-86b9-eeee0a925f77.mycapapp-db-deployer#flowable-async-job-executor-thread-3079#
[PollExecuteTaskStatusExecution] dc64d260-5386-410e-8dbc-6166ac0f76ca [2026-07-11T20:52:45.229558] Connecting to the container "D4901AFE066A4C098C4309E6D37D93C6"... (STDOUT, APP/TASK/deploy)#
#2026 07 11 20:52:47.253#Z#DEBUG#48fc5e15-7d6a-11f1-86b9-eeee0a925f77.mycapapp-db-deployer#flowable-async-job-executor-thread-3079#
[PollExecuteTaskStatusExecution] dc64d260-5386-410e-8dbc-6166ac0f76ca [2026-07-11T20:52:45.310477] Connecting to the container "D4901AFE066A4C098C4309E6D37D93C6"... ok (0s 81ms) (STDOUT, APP/TASK/deploy)#
#2026 07 11 20:52:47.253#Z#DEBUG#48fc5e15-7d6a-11f1-86b9-eeee0a925f77.mycapapp-db-deployer#flowable-async-job-executor-thread-3079#
[PollExecuteTaskStatusExecution] dc64d260-5386-410e-8dbc-6166ac0f76ca [2026-07-11T20:52:45.310518] Locking the container "D4901AFE066A4C098C4309E6D37D93C6"... (STDOUT, APP/TASK/deploy)#
#2026 07 11 20:52:47.253#Z#DEBUG#48fc5e15-7d6a-11f1-86b9-eeee0a925f77.mycapapp-db-deployer#flowable-async-job-executor-thread-3079#
[PollExecuteTaskStatusExecution] dc64d260-5386-410e-8dbc-6166ac0f76ca [2026-07-11T20:52:45.534910] Locking the container "D4901AFE066A4C098C4309E6D37D93C6"... ok (0s 224ms) (STDOUT, APP/TASK/deploy)#
#2026 07 11 20:52:47.253#Z#DEBUG#48fc5e15-7d6a-11f1-86b9-eeee0a925f77.mycapapp-db-deployer#flowable-async-job-executor-thread-3079#
[PollExecuteTaskStatusExecution] dc64d260-5386-410e-8dbc-6166ac0f76ca [2026-07-11T20:52:45.534946] Synchronizing files with the container "D4901AFE066A4C098C4309E6D37D93C6"... (STDOUT, APP/TASK/deploy)#
#2026 07 11 20:52:47.253#Z#DEBUG#48fc5e15-7d6a-11f1-86b9-eeee0a925f77.mycapapp-db-deployer#flowable-async-job-executor-thread-3079#
[PollExecuteTaskStatusExecution] dc64d260-5386-410e-8dbc-6166ac0f76ca [2026-07-11T20:52:46.305841] Deleting files... (STDOUT, APP/TASK/deploy)#
#2026 07 11 20:52:47.253#Z#DEBUG#48fc5e15-7d6a-11f1-86b9-eeee0a925f77.mycapapp-db-deployer#flowable-async-job-executor-thread-3079#
[PollExecuteTaskStatusExecution] dc64d260-5386-410e-8dbc-6166ac0f76ca [2026-07-11T20:52:46.485810] Deleting files... ok (STDOUT, APP/TASK/deploy)#
#2026 07 11 20:52:47.253#Z#DEBUG#48fc5e15-7d6a-11f1-86b9-eeee0a925f77.mycapapp-db-deployer#flowable-async-job-executor-thread-3079#
[PollExecuteTaskStatusExecution] dc64d260-5386-410e-8dbc-6166ac0f76ca [2026-07-11T20:52:46.485855] Writing files... (STDOUT, APP/TASK/deploy)#
#2026 07 11 20:52:47.253#Z#DEBUG#48fc5e15-7d6a-11f1-86b9-eeee0a925f77.mycapapp-db-deployer#flowable-async-job-executor-thread-3079#
[PollExecuteTaskStatusExecution] dc64d260-5386-410e-8dbc-6166ac0f76ca [2026-07-11T20:52:46.486098] Writing 3 items (STDOUT, APP/TASK/deploy)#
#2026 07 11 20:52:47.253#Z#DEBUG#48fc5e15-7d6a-11f1-86b9-eeee0a925f77.mycapapp-db-deployer#flowable-async-job-executor-thread-3079#
[PollExecuteTaskStatusExecution] dc64d260-5386-410e-8dbc-6166ac0f76ca [2026-07-11T20:52:46.751314] Writing files... ok (STDOUT, APP/TASK/deploy)#
#2026 07 11 20:52:47.253#Z#DEBUG#48fc5e15-7d6a-11f1-86b9-eeee0a925f77.mycapapp-db-deployer#flowable-async-job-executor-thread-3079#
[PollExecuteTaskStatusExecution] dc64d260-5386-410e-8dbc-6166ac0f76ca [2026-07-11T20:52:46.751466] Synchronizing files with the container "D4901AFE066A4C098C4309E6D37D93C6"... ok (1s 217ms) (STDOUT, APP/TASK/deploy)#
#2026 07 11 20:52:47.253#Z#DEBUG#48fc5e15-7d6a-11f1-86b9-eeee0a925f77.mycapapp-db-deployer#flowable-async-job-executor-thread-3079#
[PollExecuteTaskStatusExecution] dc64d260-5386-410e-8dbc-6166ac0f76ca [2026-07-11T20:52:46.751871] added files: [] (STDOUT, APP/TASK/deploy)#
#2026 07 11 20:52:47.253#Z#DEBUG#48fc5e15-7d6a-11f1-86b9-eeee0a925f77.mycapapp-db-deployer#flowable-async-job-executor-thread-3079#
[PollExecuteTaskStatusExecution] dc64d260-5386-410e-8dbc-6166ac0f76ca [2026-07-11T20:52:46.751883] modified files: [] (STDOUT, APP/TASK/deploy)#
#2026 07 11 20:52:47.253#Z#DEBUG#48fc5e15-7d6a-11f1-86b9-eeee0a925f77.mycapapp-db-deployer#flowable-async-job-executor-thread-3079#
[PollExecuteTaskStatusExecution] dc64d260-5386-410e-8dbc-6166ac0f76ca [2026-07-11T20:52:46.751886] deleted files: [] (STDOUT, APP/TASK/deploy)#
#2026 07 11 20:52:47.253#Z#DEBUG#48fc5e15-7d6a-11f1-86b9-eeee0a925f77.mycapapp-db-deployer#flowable-async-job-executor-thread-3079#
[PollExecuteTaskStatusExecution] dc64d260-5386-410e-8dbc-6166ac0f76ca [2026-07-11T20:52:46.752006] 0 modified or added files are scheduled for deploy based on delta detection (STDOUT, APP/TASK/deploy)#
#2026 07 11 20:52:47.253#Z#DEBUG#48fc5e15-7d6a-11f1-86b9-eeee0a925f77.mycapapp-db-deployer#flowable-async-job-executor-thread-3079#
[PollExecuteTaskStatusExecution] dc64d260-5386-410e-8dbc-6166ac0f76ca [2026-07-11T20:52:46.752241] 0 deleted files are scheduled for undeploy based on delta detection (filtered by undeploy allowlist) (STDOUT, APP/TASK/deploy)#
#2026 07 11 20:52:47.253#Z#DEBUG#48fc5e15-7d6a-11f1-86b9-eeee0a925f77.mycapapp-db-deployer#flowable-async-job-executor-thread-3079#
[PollExecuteTaskStatusExecution] dc64d260-5386-410e-8dbc-6166ac0f76ca [2026-07-11T20:52:46.752337] 0 files are scheduled for deploy based on explicit specification (STDOUT, APP/TASK/deploy)#
#2026 07 11 20:52:47.253#Z#DEBUG#48fc5e15-7d6a-11f1-86b9-eeee0a925f77.mycapapp-db-deployer#flowable-async-job-executor-thread-3079#
[PollExecuteTaskStatusExecution] dc64d260-5386-410e-8dbc-6166ac0f76ca [2026-07-11T20:52:46.752347] 0 files are scheduled for undeploy based on explicit specification (STDOUT, APP/TASK/deploy)#
#2026 07 11 20:52:47.253#Z#DEBUG#48fc5e15-7d6a-11f1-86b9-eeee0a925f77.mycapapp-db-deployer#flowable-async-job-executor-thread-3079#
[PollExecuteTaskStatusExecution] dc64d260-5386-410e-8dbc-6166ac0f76ca [2026-07-11T20:52:46.752515] Deploying to the container "D4901AFE066A4C098C4309E6D37D93C6"... (STDOUT, APP/TASK/deploy)#
#2026 07 11 20:52:57.323#Z#DEBUG#48fc5e15-7d6a-11f1-86b9-eeee0a925f77.mycapapp-db-deployer#flowable-async-job-executor-thread-3086#
[PollExecuteTaskStatusExecution] dc64d260-5386-410e-8dbc-6166ac0f76ca [2026-07-11T20:52:47.392081] Polling messages for request id: 117 (STDOUT, APP/TASK/deploy)#
#2026 07 11 20:52:57.323#Z#DEBUG#48fc5e15-7d6a-11f1-86b9-eeee0a925f77.mycapapp-db-deployer#flowable-async-job-executor-thread-3086#
[PollExecuteTaskStatusExecution] dc64d260-5386-410e-8dbc-6166ac0f76ca [2026-07-11T20:52:47.424509] Starting make in the container "D4901AFE066A4C098C4309E6D37D93C6" with 0 files to deploy, 0 files to undeploy... (STDOUT, APP/TASK/deploy)#
#2026 07 11 20:52:57.323#Z#DEBUG#48fc5e15-7d6a-11f1-86b9-eeee0a925f77.mycapapp-db-deployer#flowable-async-job-executor-thread-3086#
[PollExecuteTaskStatusExecution] dc64d260-5386-410e-8dbc-6166ac0f76ca [2026-07-11T20:52:47.424542] Disabling table replication for the container schema "D4901AFE066A4C098C4309E6D37D93C6"... (STDOUT, APP/TASK/deploy)#
#2026 07 11 20:52:57.323#Z#DEBUG#48fc5e15-7d6a-11f1-86b9-eeee0a925f77.mycapapp-db-deployer#flowable-async-job-executor-thread-3086#
[PollExecuteTaskStatusExecution] dc64d260-5386-410e-8dbc-6166ac0f76ca [2026-07-11T20:52:47.424621] Disabling table replication for the container schema "D4901AFE066A4C098C4309E6D37D93C6"... ok (0s 17ms) (STDOUT, APP/TASK/deploy)#
#2026 07 11 20:52:57.323#Z#DEBUG#48fc5e15-7d6a-11f1-86b9-eeee0a925f77.mycapapp-db-deployer#flowable-async-job-executor-thread-3086#
[PollExecuteTaskStatusExecution] dc64d260-5386-410e-8dbc-6166ac0f76ca [2026-07-11T20:52:47.424635] Migrating libraries... (STDOUT, APP/TASK/deploy)#
#2026 07 11 20:52:57.323#Z#DEBUG#48fc5e15-7d6a-11f1-86b9-eeee0a925f77.mycapapp-db-deployer#flowable-async-job-executor-thread-3086#
[PollExecuteTaskStatusExecution] dc64d260-5386-410e-8dbc-6166ac0f76ca [2026-07-11T20:52:49.437918] Migrating libraries... ok (1s 987ms) (STDOUT, APP/TASK/deploy)#
#2026 07 11 20:52:57.323#Z#DEBUG#48fc5e15-7d6a-11f1-86b9-eeee0a925f77.mycapapp-db-deployer#flowable-async-job-executor-thread-3086#
[PollExecuteTaskStatusExecution] dc64d260-5386-410e-8dbc-6166ac0f76ca [2026-07-11T20:52:49.437927] Making... (STDOUT, APP/TASK/deploy)#
#2026 07 11 20:52:57.323#Z#DEBUG#48fc5e15-7d6a-11f1-86b9-eeee0a925f77.mycapapp-db-deployer#flowable-async-job-executor-thread-3086#
[PollExecuteTaskStatusExecution] dc64d260-5386-410e-8dbc-6166ac0f76ca [2026-07-11T20:52:49.437930] Preparing... (STDOUT, APP/TASK/deploy)#
#2026 07 11 20:52:57.323#Z#DEBUG#48fc5e15-7d6a-11f1-86b9-eeee0a925f77.mycapapp-db-deployer#flowable-async-job-executor-thread-3086#
[PollExecuteTaskStatusExecution] dc64d260-5386-410e-8dbc-6166ac0f76ca [2026-07-11T20:52:49.437933] Preparing... ok (0s 0ms) (STDOUT, APP/TASK/deploy)#
#2026 07 11 20:52:57.323#Z#DEBUG#48fc5e15-7d6a-11f1-86b9-eeee0a925f77.mycapapp-db-deployer#flowable-async-job-executor-thread-3086#
[PollExecuteTaskStatusExecution] dc64d260-5386-410e-8dbc-6166ac0f76ca [2026-07-11T20:52:49.437938] Preparing the make transaction... (STDOUT, APP/TASK/deploy)#
#2026 07 11 20:52:57.323#Z#DEBUG#48fc5e15-7d6a-11f1-86b9-eeee0a925f77.mycapapp-db-deployer#flowable-async-job-executor-thread-3086#
[PollExecuteTaskStatusExecution] dc64d260-5386-410e-8dbc-6166ac0f76ca [2026-07-11T20:52:49.711099] Preparing the make transaction... ok (0s 471ms) (STDOUT, APP/TASK/deploy)#
#2026 07 11 20:52:57.323#Z#DEBUG#48fc5e15-7d6a-11f1-86b9-eeee0a925f77.mycapapp-db-deployer#flowable-async-job-executor-thread-3086#
[PollExecuteTaskStatusExecution] dc64d260-5386-410e-8dbc-6166ac0f76ca [2026-07-11T20:52:49.711158] Calculating dependencies... (STDOUT, APP/TASK/deploy)#
#2026 07 11 20:52:57.323#Z#DEBUG#48fc5e15-7d6a-11f1-86b9-eeee0a925f77.mycapapp-db-deployer#flowable-async-job-executor-thread-3086#
[PollExecuteTaskStatusExecution] dc64d260-5386-410e-8dbc-6166ac0f76ca [2026-07-11T20:52:49.711162] Expanding... (STDOUT, APP/TASK/deploy)#
#2026 07 11 20:52:57.323#Z#DEBUG#48fc5e15-7d6a-11f1-86b9-eeee0a925f77.mycapapp-db-deployer#flowable-async-job-executor-thread-3086#
[PollExecuteTaskStatusExecution] dc64d260-5386-410e-8dbc-6166ac0f76ca [2026-07-11T20:52:49.711165] Expanding... ok (0s 138ms) (STDOUT, APP/TASK/deploy)#
#2026 07 11 20:52:57.323#Z#DEBUG#48fc5e15-7d6a-11f1-86b9-eeee0a925f77.mycapapp-db-deployer#flowable-async-job-executor-thread-3086#
[PollExecuteTaskStatusExecution] dc64d260-5386-410e-8dbc-6166ac0f76ca [2026-07-11T20:52:49.711167] Precompiling... (STDOUT, APP/TASK/deploy)#
#2026 07 11 20:52:57.323#Z#DEBUG#48fc5e15-7d6a-11f1-86b9-eeee0a925f77.mycapapp-db-deployer#flowable-async-job-executor-thread-3086#
[PollExecuteTaskStatusExecution] dc64d260-5386-410e-8dbc-6166ac0f76ca [2026-07-11T20:52:49.711169] Precompiling... ok (0s 0ms) (STDOUT, APP/TASK/deploy)#
#2026 07 11 20:52:57.323#Z#DEBUG#48fc5e15-7d6a-11f1-86b9-eeee0a925f77.mycapapp-db-deployer#flowable-async-job-executor-thread-3086#
[PollExecuteTaskStatusExecution] dc64d260-5386-410e-8dbc-6166ac0f76ca [2026-07-11T20:52:49.711172] Merging... (STDOUT, APP/TASK/deploy)#
#2026 07 11 20:52:57.323#Z#DEBUG#48fc5e15-7d6a-11f1-86b9-eeee0a925f77.mycapapp-db-deployer#flowable-async-job-executor-thread-3086#
[PollExecuteTaskStatusExecution] dc64d260-5386-410e-8dbc-6166ac0f76ca [2026-07-11T20:52:49.711174] Merging... ok (0s 0ms) (STDOUT, APP/TASK/deploy)#
#2026 07 11 20:52:57.323#Z#DEBUG#48fc5e15-7d6a-11f1-86b9-eeee0a925f77.mycapapp-db-deployer#flowable-async-job-executor-thread-3086#
[PollExecuteTaskStatusExecution] dc64d260-5386-410e-8dbc-6166ac0f76ca [2026-07-11T20:52:49.711176] Calculating dependencies... ok (0s 138ms) (STDOUT, APP/TASK/deploy)#
#2026 07 11 20:52:57.323#Z#DEBUG#48fc5e15-7d6a-11f1-86b9-eeee0a925f77.mycapapp-db-deployer#flowable-async-job-executor-thread-3086#
[PollExecuteTaskStatusExecution] dc64d260-5386-410e-8dbc-6166ac0f76ca [2026-07-11T20:52:49.711181] No make necessary (STDOUT, APP/TASK/deploy)#
#2026 07 11 20:52:57.323#Z#DEBUG#48fc5e15-7d6a-11f1-86b9-eeee0a925f77.mycapapp-db-deployer#flowable-async-job-executor-thread-3086#
[PollExecuteTaskStatusExecution] dc64d260-5386-410e-8dbc-6166ac0f76ca [2026-07-11T20:52:49.711183] Making... ok (0s 709ms) (STDOUT, APP/TASK/deploy)#
#2026 07 11 20:52:57.323#Z#DEBUG#48fc5e15-7d6a-11f1-86b9-eeee0a925f77.mycapapp-db-deployer#flowable-async-job-executor-thread-3086#
[PollExecuteTaskStatusExecution] dc64d260-5386-410e-8dbc-6166ac0f76ca [2026-07-11T20:52:49.711186] Enabling table replication for the container schema "D4901AFE066A4C098C4309E6D37D93C6"... (STDOUT, APP/TASK/deploy)#
#2026 07 11 20:52:57.323#Z#DEBUG#48fc5e15-7d6a-11f1-86b9-eeee0a925f77.mycapapp-db-deployer#flowable-async-job-executor-thread-3086#
[PollExecuteTaskStatusExecution] dc64d260-5386-410e-8dbc-6166ac0f76ca [2026-07-11T20:52:49.711190] Enabling table replication for the container schema "D4901AFE066A4C098C4309E6D37D93C6"... ok (0s 10ms) (STDOUT, APP/TASK/deploy)#
#2026 07 11 20:52:57.323#Z#DEBUG#48fc5e15-7d6a-11f1-86b9-eeee0a925f77.mycapapp-db-deployer#flowable-async-job-executor-thread-3086#
[PollExecuteTaskStatusExecution] dc64d260-5386-410e-8dbc-6166ac0f76ca [2026-07-11T20:52:49.711192] Starting make in the container "D4901AFE066A4C098C4309E6D37D93C6" with 0 files to deploy, 0 files to undeploy... ok (2s 732ms) (STDOUT, APP/TASK/deploy)#
#2026 07 11 20:52:57.323#Z#DEBUG#48fc5e15-7d6a-11f1-86b9-eeee0a925f77.mycapapp-db-deployer#flowable-async-job-executor-thread-3086#
[PollExecuteTaskStatusExecution] dc64d260-5386-410e-8dbc-6166ac0f76ca [2026-07-11T20:52:49.711195] Deploying to the container "D4901AFE066A4C098C4309E6D37D93C6"... ok (2s 944ms) (STDOUT, APP/TASK/deploy)#
#2026 07 11 20:52:57.323#Z#DEBUG#48fc5e15-7d6a-11f1-86b9-eeee0a925f77.mycapapp-db-deployer#flowable-async-job-executor-thread-3086#
[PollExecuteTaskStatusExecution] dc64d260-5386-410e-8dbc-6166ac0f76ca [2026-07-11T20:52:49.711256] No default-access-role handling needed; global role "D4901AFE066A4C098C4309E6D37D93C6::access_role" will not be adapted (STDOUT, APP/TASK/deploy)#
#2026 07 11 20:52:57.323#Z#DEBUG#48fc5e15-7d6a-11f1-86b9-eeee0a925f77.mycapapp-db-deployer#flowable-async-job-executor-thread-3086#
[PollExecuteTaskStatusExecution] dc64d260-5386-410e-8dbc-6166ac0f76ca [2026-07-11T20:52:49.711261] Unlocking the container "D4901AFE066A4C098C4309E6D37D93C6"... (STDOUT, APP/TASK/deploy)#
#2026 07 11 20:52:57.323#Z#DEBUG#48fc5e15-7d6a-11f1-86b9-eeee0a925f77.mycapapp-db-deployer#flowable-async-job-executor-thread-3086#
[PollExecuteTaskStatusExecution] dc64d260-5386-410e-8dbc-6166ac0f76ca [2026-07-11T20:52:49.711263] Unlocking the container "D4901AFE066A4C098C4309E6D37D93C6"... ok (0s 2ms) (STDOUT, APP/TASK/deploy)#
#2026 07 11 20:52:57.323#Z#DEBUG#48fc5e15-7d6a-11f1-86b9-eeee0a925f77.mycapapp-db-deployer#flowable-async-job-executor-thread-3086#
[PollExecuteTaskStatusExecution] dc64d260-5386-410e-8dbc-6166ac0f76ca [2026-07-11T20:52:49.711266] Deployment to container D4901AFE066A4C098C4309E6D37D93C6 done [Deployment ID: none]. (STDOUT, APP/TASK/deploy)#
#2026 07 11 20:52:57.323#Z#DEBUG#48fc5e15-7d6a-11f1-86b9-eeee0a925f77.mycapapp-db-deployer#flowable-async-job-executor-thread-3086#
[PollExecuteTaskStatusExecution] dc64d260-5386-410e-8dbc-6166ac0f76ca [2026-07-11T20:52:49.711268] Deployment ended at 2026-07-11 20:52:49 (STDOUT, APP/TASK/deploy)#
#2026 07 11 20:52:57.323#Z#DEBUG#48fc5e15-7d6a-11f1-86b9-eeee0a925f77.mycapapp-db-deployer#flowable-async-job-executor-thread-3086#
[PollExecuteTaskStatusExecution] dc64d260-5386-410e-8dbc-6166ac0f76ca [2026-07-11T20:52:49.711270] (5s 353ms) (STDOUT, APP/TASK/deploy)#
#2026 07 11 20:52:57.323#Z#DEBUG#48fc5e15-7d6a-11f1-86b9-eeee0a925f77.mycapapp-db-deployer#flowable-async-job-executor-thread-3086#
[PollExecuteTaskStatusExecution] dc64d260-5386-410e-8dbc-6166ac0f76ca [2026-07-11T20:52:49.715912] npm notice (STDERR, APP/TASK/deploy)#
#2026 07 11 20:52:57.323#Z#DEBUG#48fc5e15-7d6a-11f1-86b9-eeee0a925f77.mycapapp-db-deployer#flowable-async-job-executor-thread-3086#
[PollExecuteTaskStatusExecution] dc64d260-5386-410e-8dbc-6166ac0f76ca [2026-07-11T20:52:49.715947] npm notice New major version of npm available! 11.12.1 -> 12.0.1 (STDERR, APP/TASK/deploy)#
#2026 07 11 20:52:57.323#Z#DEBUG#48fc5e15-7d6a-11f1-86b9-eeee0a925f77.mycapapp-db-deployer#flowable-async-job-executor-thread-3086#
[PollExecuteTaskStatusExecution] dc64d260-5386-410e-8dbc-6166ac0f76ca [2026-07-11T20:52:49.715953] npm notice Changelog: https://github.com/npm/cli/releases/tag/v12.0.1 (STDERR, APP/TASK/deploy)#
#2026 07 11 20:52:57.323#Z#DEBUG#48fc5e15-7d6a-11f1-86b9-eeee0a925f77.mycapapp-db-deployer#flowable-async-job-executor-thread-3086#
[PollExecuteTaskStatusExecution] dc64d260-5386-410e-8dbc-6166ac0f76ca [2026-07-11T20:52:49.715964] npm notice To update run: npm install -g npm@12.0.1 (STDERR, APP/TASK/deploy)#
#2026 07 11 20:52:57.323#Z#DEBUG#48fc5e15-7d6a-11f1-86b9-eeee0a925f77.mycapapp-db-deployer#flowable-async-job-executor-thread-3086#
[PollExecuteTaskStatusExecution] dc64d260-5386-410e-8dbc-6166ac0f76ca [2026-07-11T20:52:49.715966] npm notice (STDERR, APP/TASK/deploy)#
#2026 07 11 20:52:57.323#Z#DEBUG#48fc5e15-7d6a-11f1-86b9-eeee0a925f77.mycapapp-db-deployer#flowable-async-job-executor-thread-3086#
[PollExecuteTaskStatusExecution] dc64d260-5386-410e-8dbc-6166ac0f76ca [2026-07-11T20:52:49.789453] Exit status 0 (STDOUT, APP/TASK/deploy)#
#2026 07 11 20:52:57.323#Z#DEBUG#48fc5e15-7d6a-11f1-86b9-eeee0a925f77.mycapapp-db-deployer#flowable-async-job-executor-thread-3086#
[PollExecuteTaskStatusExecution] dc64d260-5386-410e-8dbc-6166ac0f76ca [2026-07-11T20:52:50.610197] Cell c839c7b1-088e-41af-b9b7-66256aacd457 stopping instance d544db6e-ba7c-4da1-8008-0c4ac45dfb86 (STDOUT, CELL)#
#2026 07 11 20:52:57.323#Z#DEBUG#48fc5e15-7d6a-11f1-86b9-eeee0a925f77.mycapapp-db-deployer#flowable-async-job-executor-thread-3086#
[PollExecuteTaskStatusExecution] dc64d260-5386-410e-8dbc-6166ac0f76ca [2026-07-11T20:52:50.610238] Cell c839c7b1-088e-41af-b9b7-66256aacd457 destroying container for instance d544db6e-ba7c-4da1-8008-0c4ac45dfb86 (STDOUT, CELL)#
#2026 07 11 20:52:57.323#Z#DEBUG#48fc5e15-7d6a-11f1-86b9-eeee0a925f77.mycapapp-db-deployer#flowable-async-job-executor-thread-3086#
[PollExecuteTaskStatusExecution] dc64d260-5386-410e-8dbc-6166ac0f76ca [2026-07-11T20:52:53.508088] Cell c839c7b1-088e-41af-b9b7-66256aacd457 successfully destroyed container for instance d544db6e-ba7c-4da1-8008-0c4ac45dfb86 (STDOUT, CELL)#
