#2026 07 11 21:10:48.730#Z#DEBUG#d76953a6-7d6c-11f1-bcdc-eeee0a99d0dd.mycapapp-srv#flowable-async-job-executor-thread-1534#
[PollStageAppStatusExecution] 5b5d5070-c8d5-435d-87a9-7110164fcccc [2026-07-11T21:10:00.326761] Updated app with guid 5b5d5070-c8d5-435d-87a9-7110164fcccc ({"lifecycle"=>{"data"=>{"buildpacks"=>["nodejs_buildpack"]}, "type"=>"buildpack"}}) (STDOUT, API)#
#2026 07 11 21:10:48.730#Z#DEBUG#d76953a6-7d6c-11f1-bcdc-eeee0a99d0dd.mycapapp-srv#flowable-async-job-executor-thread-1534#
[PollStageAppStatusExecution] 5b5d5070-c8d5-435d-87a9-7110164fcccc [2026-07-11T21:10:00.438047] Updating process: "web" (STDOUT, API)#
#2026 07 11 21:10:48.730#Z#DEBUG#d76953a6-7d6c-11f1-bcdc-eeee0a99d0dd.mycapapp-srv#flowable-async-job-executor-thread-1534#
[PollStageAppStatusExecution] 5b5d5070-c8d5-435d-87a9-7110164fcccc [2026-07-11T21:10:28.980957] Uploading app package for app with guid 5b5d5070-c8d5-435d-87a9-7110164fcccc (STDOUT, API)#
#2026 07 11 21:10:48.730#Z#DEBUG#d76953a6-7d6c-11f1-bcdc-eeee0a99d0dd.mycapapp-srv#flowable-async-job-executor-thread-1534#
[PollStageAppStatusExecution] 5b5d5070-c8d5-435d-87a9-7110164fcccc [2026-07-11T21:10:29.172395] Updated app with guid 5b5d5070-c8d5-435d-87a9-7110164fcccc ({"environment_variables"=>"[PRIVATE DATA HIDDEN]"}) (STDOUT, API)#
#2026 07 11 21:10:48.730#Z#DEBUG#d76953a6-7d6c-11f1-bcdc-eeee0a99d0dd.mycapapp-srv#flowable-async-job-executor-thread-1534#
[PollStageAppStatusExecution] 5b5d5070-c8d5-435d-87a9-7110164fcccc [2026-07-11T21:10:38.945459] Stopping app with guid 5b5d5070-c8d5-435d-87a9-7110164fcccc (STDOUT, API)#
#2026 07 11 21:10:48.730#Z#DEBUG#d76953a6-7d6c-11f1-bcdc-eeee0a99d0dd.mycapapp-srv#flowable-async-job-executor-thread-1534#
[PollStageAppStatusExecution] 5b5d5070-c8d5-435d-87a9-7110164fcccc [2026-07-11T21:10:38.984329] Cell d1cc041a-d5a1-41d6-b9f6-6cda736ce3f0 stopping instance b36fb803-56ac-44ad-54fa-5408 (STDOUT, CELL)#
#2026 07 11 21:10:48.730#Z#DEBUG#d76953a6-7d6c-11f1-bcdc-eeee0a99d0dd.mycapapp-srv#flowable-async-job-executor-thread-1534#
[PollStageAppStatusExecution] 5b5d5070-c8d5-435d-87a9-7110164fcccc [2026-07-11T21:10:39.148034] Creating build for app with guid 5b5d5070-c8d5-435d-87a9-7110164fcccc (STDOUT, API)#
#2026 07 11 21:10:48.730#Z#DEBUG#d76953a6-7d6c-11f1-bcdc-eeee0a99d0dd.mycapapp-srv#flowable-async-job-executor-thread-1534#
[PollStageAppStatusExecution] 5b5d5070-c8d5-435d-87a9-7110164fcccc [2026-07-11T21:10:39.632761] Downloading nodejs_buildpack... (STDOUT, STG)#
#2026 07 11 21:10:48.730#Z#DEBUG#d76953a6-7d6c-11f1-bcdc-eeee0a99d0dd.mycapapp-srv#flowable-async-job-executor-thread-1534#
[PollStageAppStatusExecution] 5b5d5070-c8d5-435d-87a9-7110164fcccc [2026-07-11T21:10:39.675625] Downloaded nodejs_buildpack (STDOUT, STG)#
#2026 07 11 21:10:48.730#Z#DEBUG#d76953a6-7d6c-11f1-bcdc-eeee0a99d0dd.mycapapp-srv#flowable-async-job-executor-thread-1534#
[PollStageAppStatusExecution] 5b5d5070-c8d5-435d-87a9-7110164fcccc [2026-07-11T21:10:39.675708] Cell c839c7b1-088e-41af-b9b7-66256aacd457 creating container for instance a285f5ed-cc61-4412-b24d-9f7b27823721 (STDOUT, STG)#
#2026 07 11 21:10:48.730#Z#DEBUG#d76953a6-7d6c-11f1-bcdc-eeee0a99d0dd.mycapapp-srv#flowable-async-job-executor-thread-1534#
[PollStageAppStatusExecution] 5b5d5070-c8d5-435d-87a9-7110164fcccc [2026-07-11T21:10:40.478009] Security group rules were updated (STDOUT, STG)#
#2026 07 11 21:10:48.730#Z#DEBUG#d76953a6-7d6c-11f1-bcdc-eeee0a99d0dd.mycapapp-srv#flowable-async-job-executor-thread-1534#
[PollStageAppStatusExecution] 5b5d5070-c8d5-435d-87a9-7110164fcccc [2026-07-11T21:10:40.584309] Cell c839c7b1-088e-41af-b9b7-66256aacd457 successfully created container for instance a285f5ed-cc61-4412-b24d-9f7b27823721 (STDOUT, STG)#
#2026 07 11 21:10:48.730#Z#DEBUG#d76953a6-7d6c-11f1-bcdc-eeee0a99d0dd.mycapapp-srv#flowable-async-job-executor-thread-1534#
[PollStageAppStatusExecution] 5b5d5070-c8d5-435d-87a9-7110164fcccc [2026-07-11T21:10:40.878262] Downloading app package... (STDOUT, STG)#
#2026 07 11 21:10:48.730#Z#DEBUG#d76953a6-7d6c-11f1-bcdc-eeee0a99d0dd.mycapapp-srv#flowable-async-job-executor-thread-1534#
[PollStageAppStatusExecution] 5b5d5070-c8d5-435d-87a9-7110164fcccc [2026-07-11T21:10:40.878265] Downloading build artifacts cache... (STDOUT, STG)#
#2026 07 11 21:10:48.730#Z#DEBUG#d76953a6-7d6c-11f1-bcdc-eeee0a99d0dd.mycapapp-srv#flowable-async-job-executor-thread-1534#
[PollStageAppStatusExecution] 5b5d5070-c8d5-435d-87a9-7110164fcccc [2026-07-11T21:10:40.967255] Downloaded build artifacts cache (223B) (STDOUT, STG)#
#2026 07 11 21:10:48.730#Z#DEBUG#d76953a6-7d6c-11f1-bcdc-eeee0a99d0dd.mycapapp-srv#flowable-async-job-executor-thread-1534#
[PollStageAppStatusExecution] 5b5d5070-c8d5-435d-87a9-7110164fcccc [2026-07-11T21:10:42.131850] Downloaded app package (9M) (STDOUT, STG)#
#2026 07 11 21:10:48.730#Z#DEBUG#d76953a6-7d6c-11f1-bcdc-eeee0a99d0dd.mycapapp-srv#flowable-async-job-executor-thread-1534#
[PollStageAppStatusExecution] 5b5d5070-c8d5-435d-87a9-7110164fcccc [2026-07-11T21:10:42.276860] -----> Nodejs Buildpack version 1.9.2 (STDOUT, STG)#
#2026 07 11 21:10:48.730#Z#DEBUG#d76953a6-7d6c-11f1-bcdc-eeee0a99d0dd.mycapapp-srv#flowable-async-job-executor-thread-1534#
[PollStageAppStatusExecution] 5b5d5070-c8d5-435d-87a9-7110164fcccc [2026-07-11T21:10:42.697370] -----> Bootstrapping python (STDOUT, STG)#
#2026 07 11 21:10:48.730#Z#DEBUG#d76953a6-7d6c-11f1-bcdc-eeee0a99d0dd.mycapapp-srv#flowable-async-job-executor-thread-1534#
[PollStageAppStatusExecution] 5b5d5070-c8d5-435d-87a9-7110164fcccc [2026-07-11T21:10:42.697405] -----> Installing python 3.13.13 (STDOUT, STG)#
#2026 07 11 21:10:48.730#Z#DEBUG#d76953a6-7d6c-11f1-bcdc-eeee0a99d0dd.mycapapp-srv#flowable-async-job-executor-thread-1534#
[PollStageAppStatusExecution] 5b5d5070-c8d5-435d-87a9-7110164fcccc [2026-07-11T21:10:42.697432] Copy [/tmp/buildpacks/17bd89c67d092631/dependencies/268a5e3743d51a14b86ea9da64439307/python_3.13.13_linux_x64_cflinuxfs4_8311abbf.tgz] (STDOUT, STG)#
#2026 07 11 21:10:48.730#Z#DEBUG#d76953a6-7d6c-11f1-bcdc-eeee0a99d0dd.mycapapp-srv#flowable-async-job-executor-thread-1534#
[PollStageAppStatusExecution] 5b5d5070-c8d5-435d-87a9-7110164fcccc [2026-07-11T21:10:47.021792] -----> Installing binaries (STDOUT, STG)#
#2026 07 11 21:10:48.730#Z#DEBUG#d76953a6-7d6c-11f1-bcdc-eeee0a99d0dd.mycapapp-srv#flowable-async-job-executor-thread-1534#
[PollStageAppStatusExecution] 5b5d5070-c8d5-435d-87a9-7110164fcccc [2026-07-11T21:10:47.021917] engines.node (package.json): >=20 (STDOUT, STG)#
#2026 07 11 21:10:48.730#Z#DEBUG#d76953a6-7d6c-11f1-bcdc-eeee0a99d0dd.mycapapp-srv#flowable-async-job-executor-thread-1534#
[PollStageAppStatusExecution] 5b5d5070-c8d5-435d-87a9-7110164fcccc [2026-07-11T21:10:47.022042] engines.npm (package.json): unspecified (use default) (STDOUT, STG)#
#2026 07 11 21:10:48.730#Z#DEBUG#d76953a6-7d6c-11f1-bcdc-eeee0a99d0dd.mycapapp-srv#flowable-async-job-executor-thread-1534#
[PollStageAppStatusExecution] 5b5d5070-c8d5-435d-87a9-7110164fcccc [2026-07-11T21:10:47.022065] [31;1m**WARNING**[0m Dangerous semver range (>) in engines.node. See: http://docs.cloudfoundry.org/buildpacks/node/node-tips.html (STDOUT, STG)#
#2026 07 11 21:10:48.730#Z#DEBUG#d76953a6-7d6c-11f1-bcdc-eeee0a99d0dd.mycapapp-srv#flowable-async-job-executor-thread-1534#
[PollStageAppStatusExecution] 5b5d5070-c8d5-435d-87a9-7110164fcccc [2026-07-11T21:10:47.022070] -----> Installing node 24.15.0 (STDOUT, STG)#
#2026 07 11 21:10:48.730#Z#DEBUG#d76953a6-7d6c-11f1-bcdc-eeee0a99d0dd.mycapapp-srv#flowable-async-job-executor-thread-1534#
[PollStageAppStatusExecution] 5b5d5070-c8d5-435d-87a9-7110164fcccc [2026-07-11T21:10:47.022203] Copy [/tmp/buildpacks/17bd89c67d092631/dependencies/6441e97e6386f47ec4c16cfdf8db0a17/node_24.15.0_linux_x64_cflinuxfs4_1a62d98b.tgz] (STDOUT, STG)#
#2026 07 11 21:10:58.769#Z#DEBUG#d76953a6-7d6c-11f1-bcdc-eeee0a99d0dd.mycapapp-srv#flowable-async-job-executor-thread-1539#
[PollStageAppStatusExecution] 5b5d5070-c8d5-435d-87a9-7110164fcccc [2026-07-11T21:10:49.597139] Using default npm version: 11.12.1 (STDOUT, STG)#
#2026 07 11 21:10:58.769#Z#DEBUG#d76953a6-7d6c-11f1-bcdc-eeee0a99d0dd.mycapapp-srv#flowable-async-job-executor-thread-1539#
[PollStageAppStatusExecution] 5b5d5070-c8d5-435d-87a9-7110164fcccc [2026-07-11T21:10:49.597170] -----> Installing yarn 1.22.22 (STDOUT, STG)#
#2026 07 11 21:10:58.769#Z#DEBUG#d76953a6-7d6c-11f1-bcdc-eeee0a99d0dd.mycapapp-srv#flowable-async-job-executor-thread-1539#
[PollStageAppStatusExecution] 5b5d5070-c8d5-435d-87a9-7110164fcccc [2026-07-11T21:10:49.597187] Copy [/tmp/buildpacks/17bd89c67d092631/dependencies/e4fe26756e9984a665478d350474fa2e/yarn_1.22.22_linux_noarch_any-stack_b6132b86.tgz] (STDOUT, STG)#
#2026 07 11 21:10:58.769#Z#DEBUG#d76953a6-7d6c-11f1-bcdc-eeee0a99d0dd.mycapapp-srv#flowable-async-job-executor-thread-1539#
[PollStageAppStatusExecution] 5b5d5070-c8d5-435d-87a9-7110164fcccc [2026-07-11T21:10:49.999133] Installed yarn 1.22.22 (STDOUT, STG)#
#2026 07 11 21:10:58.769#Z#DEBUG#d76953a6-7d6c-11f1-bcdc-eeee0a99d0dd.mycapapp-srv#flowable-async-job-executor-thread-1539#
[PollStageAppStatusExecution] 5b5d5070-c8d5-435d-87a9-7110164fcccc [2026-07-11T21:10:49.999159] -----> Creating runtime environment (STDOUT, STG)#
#2026 07 11 21:10:58.769#Z#DEBUG#d76953a6-7d6c-11f1-bcdc-eeee0a99d0dd.mycapapp-srv#flowable-async-job-executor-thread-1539#
[PollStageAppStatusExecution] 5b5d5070-c8d5-435d-87a9-7110164fcccc [2026-07-11T21:10:50.000881] NODE_ENV=production (STDOUT, STG)#
#2026 07 11 21:10:58.769#Z#DEBUG#d76953a6-7d6c-11f1-bcdc-eeee0a99d0dd.mycapapp-srv#flowable-async-job-executor-thread-1539#
[PollStageAppStatusExecution] 5b5d5070-c8d5-435d-87a9-7110164fcccc [2026-07-11T21:10:50.000899] NODE_HOME=/tmp/contents254759543/deps/0/node (STDOUT, STG)#
#2026 07 11 21:10:58.769#Z#DEBUG#d76953a6-7d6c-11f1-bcdc-eeee0a99d0dd.mycapapp-srv#flowable-async-job-executor-thread-1539#
[PollStageAppStatusExecution] 5b5d5070-c8d5-435d-87a9-7110164fcccc [2026-07-11T21:10:50.000905] NODE_MODULES_CACHE=true (STDOUT, STG)#
#2026 07 11 21:10:58.769#Z#DEBUG#d76953a6-7d6c-11f1-bcdc-eeee0a99d0dd.mycapapp-srv#flowable-async-job-executor-thread-1539#
[PollStageAppStatusExecution] 5b5d5070-c8d5-435d-87a9-7110164fcccc [2026-07-11T21:10:50.000907] NODE_VERBOSE=false (STDOUT, STG)#
#2026 07 11 21:10:58.769#Z#DEBUG#d76953a6-7d6c-11f1-bcdc-eeee0a99d0dd.mycapapp-srv#flowable-async-job-executor-thread-1539#
[PollStageAppStatusExecution] 5b5d5070-c8d5-435d-87a9-7110164fcccc [2026-07-11T21:10:50.000909] NPM_CONFIG_LOGLEVEL=error (STDOUT, STG)#
#2026 07 11 21:10:58.769#Z#DEBUG#d76953a6-7d6c-11f1-bcdc-eeee0a99d0dd.mycapapp-srv#flowable-async-job-executor-thread-1539#
[PollStageAppStatusExecution] 5b5d5070-c8d5-435d-87a9-7110164fcccc [2026-07-11T21:10:50.000911] NPM_CONFIG_PRODUCTION=true (STDOUT, STG)#
#2026 07 11 21:10:58.769#Z#DEBUG#d76953a6-7d6c-11f1-bcdc-eeee0a99d0dd.mycapapp-srv#flowable-async-job-executor-thread-1539#
[PollStageAppStatusExecution] 5b5d5070-c8d5-435d-87a9-7110164fcccc [2026-07-11T21:10:50.000972] -----> Building dependencies (STDOUT, STG)#
#2026 07 11 21:10:58.769#Z#DEBUG#d76953a6-7d6c-11f1-bcdc-eeee0a99d0dd.mycapapp-srv#flowable-async-job-executor-thread-1539#
[PollStageAppStatusExecution] 5b5d5070-c8d5-435d-87a9-7110164fcccc [2026-07-11T21:10:50.000993] Prebuild detected (node_modules already exists) (STDOUT, STG)#
#2026 07 11 21:10:58.769#Z#DEBUG#d76953a6-7d6c-11f1-bcdc-eeee0a99d0dd.mycapapp-srv#flowable-async-job-executor-thread-1539#
[PollStageAppStatusExecution] 5b5d5070-c8d5-435d-87a9-7110164fcccc [2026-07-11T21:10:50.001051] Rebuilding any native modules (STDOUT, STG)#
#2026 07 11 21:10:58.769#Z#DEBUG#d76953a6-7d6c-11f1-bcdc-eeee0a99d0dd.mycapapp-srv#flowable-async-job-executor-thread-1539#
[PollStageAppStatusExecution] 5b5d5070-c8d5-435d-87a9-7110164fcccc [2026-07-11T21:10:50.851449] rebuilt dependencies successfully (STDOUT, STG)#
#2026 07 11 21:10:58.769#Z#DEBUG#d76953a6-7d6c-11f1-bcdc-eeee0a99d0dd.mycapapp-srv#flowable-async-job-executor-thread-1539#
[PollStageAppStatusExecution] 5b5d5070-c8d5-435d-87a9-7110164fcccc [2026-07-11T21:10:50.853334] npm notice (STDOUT, STG)#
#2026 07 11 21:10:58.769#Z#DEBUG#d76953a6-7d6c-11f1-bcdc-eeee0a99d0dd.mycapapp-srv#flowable-async-job-executor-thread-1539#
[PollStageAppStatusExecution] 5b5d5070-c8d5-435d-87a9-7110164fcccc [2026-07-11T21:10:50.853358] npm notice New major version of npm available! 11.12.1 -> 12.0.1 (STDOUT, STG)#
#2026 07 11 21:10:58.769#Z#DEBUG#d76953a6-7d6c-11f1-bcdc-eeee0a99d0dd.mycapapp-srv#flowable-async-job-executor-thread-1539#
[PollStageAppStatusExecution] 5b5d5070-c8d5-435d-87a9-7110164fcccc [2026-07-11T21:10:50.853364] npm notice Changelog: https://github.com/npm/cli/releases/tag/v12.0.1 (STDOUT, STG)#
#2026 07 11 21:10:58.769#Z#DEBUG#d76953a6-7d6c-11f1-bcdc-eeee0a99d0dd.mycapapp-srv#flowable-async-job-executor-thread-1539#
[PollStageAppStatusExecution] 5b5d5070-c8d5-435d-87a9-7110164fcccc [2026-07-11T21:10:50.853366] npm notice To update run: npm install -g npm@12.0.1 (STDOUT, STG)#
#2026 07 11 21:10:58.769#Z#DEBUG#d76953a6-7d6c-11f1-bcdc-eeee0a99d0dd.mycapapp-srv#flowable-async-job-executor-thread-1539#
[PollStageAppStatusExecution] 5b5d5070-c8d5-435d-87a9-7110164fcccc [2026-07-11T21:10:50.853368] npm notice (STDOUT, STG)#
#2026 07 11 21:10:58.769#Z#DEBUG#d76953a6-7d6c-11f1-bcdc-eeee0a99d0dd.mycapapp-srv#flowable-async-job-executor-thread-1539#
[PollStageAppStatusExecution] 5b5d5070-c8d5-435d-87a9-7110164fcccc [2026-07-11T21:10:50.917877] Installing any new modules (package.json + package-lock.json) (STDOUT, STG)#
#2026 07 11 21:10:58.769#Z#DEBUG#d76953a6-7d6c-11f1-bcdc-eeee0a99d0dd.mycapapp-srv#flowable-async-job-executor-thread-1539#
[PollStageAppStatusExecution] 5b5d5070-c8d5-435d-87a9-7110164fcccc [2026-07-11T21:10:52.001454] removed 75 packages in 985ms (STDOUT, STG)#
#2026 07 11 21:10:58.769#Z#DEBUG#d76953a6-7d6c-11f1-bcdc-eeee0a99d0dd.mycapapp-srv#flowable-async-job-executor-thread-1539#
[PollStageAppStatusExecution] 5b5d5070-c8d5-435d-87a9-7110164fcccc [2026-07-11T21:10:52.001972] 30 packages are looking for funding (STDOUT, STG)#
#2026 07 11 21:10:58.769#Z#DEBUG#d76953a6-7d6c-11f1-bcdc-eeee0a99d0dd.mycapapp-srv#flowable-async-job-executor-thread-1539#
[PollStageAppStatusExecution] 5b5d5070-c8d5-435d-87a9-7110164fcccc [2026-07-11T21:10:52.002294] run `npm fund` for details (STDOUT, STG)#
#2026 07 11 21:10:58.769#Z#DEBUG#d76953a6-7d6c-11f1-bcdc-eeee0a99d0dd.mycapapp-srv#flowable-async-job-executor-thread-1539#
[PollStageAppStatusExecution] 5b5d5070-c8d5-435d-87a9-7110164fcccc [2026-07-11T21:10:53.009177] Contrast Security no credentials found. Will not write environment files. (STDOUT, STG)#
#2026 07 11 21:11:08.838#Z#DEBUG#d76953a6-7d6c-11f1-bcdc-eeee0a99d0dd.mycapapp-srv#flowable-async-job-executor-thread-3421#
[PollStageAppStatusExecution] 5b5d5070-c8d5-435d-87a9-7110164fcccc [2026-07-11T21:11:03.674931] Exit status 0 (STDOUT, STG)#
#2026 07 11 21:11:08.838#Z#DEBUG#d76953a6-7d6c-11f1-bcdc-eeee0a99d0dd.mycapapp-srv#flowable-async-job-executor-thread-3421#
[PollStageAppStatusExecution] 5b5d5070-c8d5-435d-87a9-7110164fcccc [2026-07-11T21:11:03.674990] Uploading droplet, build artifacts cache... (STDOUT, STG)#
#2026 07 11 21:11:08.838#Z#DEBUG#d76953a6-7d6c-11f1-bcdc-eeee0a99d0dd.mycapapp-srv#flowable-async-job-executor-thread-3421#
[PollStageAppStatusExecution] 5b5d5070-c8d5-435d-87a9-7110164fcccc [2026-07-11T21:11:03.675030] Uploading droplet... (STDOUT, STG)#
#2026 07 11 21:11:08.838#Z#DEBUG#d76953a6-7d6c-11f1-bcdc-eeee0a99d0dd.mycapapp-srv#flowable-async-job-executor-thread-3421#
[PollStageAppStatusExecution] 5b5d5070-c8d5-435d-87a9-7110164fcccc [2026-07-11T21:11:03.675271] Uploading build artifacts cache... (STDOUT, STG)#
#2026 07 11 21:11:08.838#Z#DEBUG#d76953a6-7d6c-11f1-bcdc-eeee0a99d0dd.mycapapp-srv#flowable-async-job-executor-thread-3421#
[PollStageAppStatusExecution] 5b5d5070-c8d5-435d-87a9-7110164fcccc [2026-07-11T21:11:03.710016] Uploaded build artifacts cache (223B) (STDOUT, STG)#
#2026 07 11 21:11:08.838#Z#DEBUG#d76953a6-7d6c-11f1-bcdc-eeee0a99d0dd.mycapapp-srv#flowable-async-job-executor-thread-3421#
[PollStageAppStatusExecution] 5b5d5070-c8d5-435d-87a9-7110164fcccc [2026-07-11T21:11:04.396142] Creating droplet for app with guid 5b5d5070-c8d5-435d-87a9-7110164fcccc (STDOUT, API)#
#2026 07 11 21:11:18.893#Z#DEBUG#d76953a6-7d6c-11f1-bcdc-eeee0a99d0dd.mycapapp-srv#flowable-async-job-executor-thread-3426#
[PollStageAppStatusExecution] 5b5d5070-c8d5-435d-87a9-7110164fcccc [2026-07-11T21:11:09.464208] Uploaded droplet (61.1M) (STDOUT, STG)#
#2026 07 11 21:11:18.893#Z#DEBUG#d76953a6-7d6c-11f1-bcdc-eeee0a99d0dd.mycapapp-srv#flowable-async-job-executor-thread-3426#
[PollStageAppStatusExecution] 5b5d5070-c8d5-435d-87a9-7110164fcccc [2026-07-11T21:11:09.489403] Uploading complete (STDOUT, STG)#
#2026 07 11 21:11:18.893#Z#DEBUG#d76953a6-7d6c-11f1-bcdc-eeee0a99d0dd.mycapapp-srv#flowable-async-job-executor-thread-3426#
[PollStageAppStatusExecution] 5b5d5070-c8d5-435d-87a9-7110164fcccc [2026-07-11T21:11:09.780992] Cell c839c7b1-088e-41af-b9b7-66256aacd457 stopping instance a285f5ed-cc61-4412-b24d-9f7b27823721 (STDOUT, STG)#
#2026 07 11 21:11:18.893#Z#DEBUG#d76953a6-7d6c-11f1-bcdc-eeee0a99d0dd.mycapapp-srv#flowable-async-job-executor-thread-3426#
[PollStageAppStatusExecution] 5b5d5070-c8d5-435d-87a9-7110164fcccc [2026-07-11T21:11:09.781049] Cell c839c7b1-088e-41af-b9b7-66256aacd457 destroying container for instance a285f5ed-cc61-4412-b24d-9f7b27823721 (STDOUT, STG)#
#2026 07 11 21:11:18.893#Z#DEBUG#d76953a6-7d6c-11f1-bcdc-eeee0a99d0dd.mycapapp-srv#flowable-async-job-executor-thread-3426#
[PollStageAppStatusExecution] 5b5d5070-c8d5-435d-87a9-7110164fcccc [2026-07-11T21:11:09.830130] Staging complete for build a285f5ed-cc61-4412-b24d-9f7b27823721 (STDOUT, API)#
#2026 07 11 21:11:18.893#Z#DEBUG#d76953a6-7d6c-11f1-bcdc-eeee0a99d0dd.mycapapp-srv#flowable-async-job-executor-thread-3426#
[PollStageAppStatusExecution] 5b5d5070-c8d5-435d-87a9-7110164fcccc [2026-07-11T21:11:12.543760] Cell c839c7b1-088e-41af-b9b7-66256aacd457 successfully destroyed container for instance a285f5ed-cc61-4412-b24d-9f7b27823721 (STDOUT, STG)#
#2026 07 11 21:11:28.947#Z#DEBUG#d76953a6-7d6c-11f1-bcdc-eeee0a99d0dd.mycapapp-srv#flowable-async-job-executor-thread-3434#
[PollStartAppStatusExecution] 5b5d5070-c8d5-435d-87a9-7110164fcccc [2026-07-11T21:11:18.975208] Updated app with guid 5b5d5070-c8d5-435d-87a9-7110164fcccc ({:droplet_guid=>"39cbe24e-4834-4310-8f99-1e0a0c18bb66"}) (STDOUT, API)#
#2026 07 11 21:11:28.947#Z#DEBUG#d76953a6-7d6c-11f1-bcdc-eeee0a99d0dd.mycapapp-srv#flowable-async-job-executor-thread-3434#
[PollStartAppStatusExecution] 5b5d5070-c8d5-435d-87a9-7110164fcccc [2026-07-11T21:11:19.175045] Creating revision for app with guid 5b5d5070-c8d5-435d-87a9-7110164fcccc (STDOUT, API)#
#2026 07 11 21:11:28.947#Z#DEBUG#d76953a6-7d6c-11f1-bcdc-eeee0a99d0dd.mycapapp-srv#flowable-async-job-executor-thread-3434#
[PollStartAppStatusExecution] 5b5d5070-c8d5-435d-87a9-7110164fcccc [2026-07-11T21:11:19.213249] Starting app with guid 5b5d5070-c8d5-435d-87a9-7110164fcccc (STDOUT, API)#
#2026 07 11 21:11:28.947#Z#DEBUG#d76953a6-7d6c-11f1-bcdc-eeee0a99d0dd.mycapapp-srv#flowable-async-job-executor-thread-3434#
[PollStartAppStatusExecution] 5b5d5070-c8d5-435d-87a9-7110164fcccc [2026-07-11T21:11:19.468243] Cell d1cc041a-d5a1-41d6-b9f6-6cda736ce3f0 creating container for instance 8982e0e1-e46f-45e1-49cf-dccd (STDOUT, CELL)#
#2026 07 11 21:11:28.947#Z#DEBUG#d76953a6-7d6c-11f1-bcdc-eeee0a99d0dd.mycapapp-srv#flowable-async-job-executor-thread-3434#
[PollStartAppStatusExecution] 5b5d5070-c8d5-435d-87a9-7110164fcccc [2026-07-11T21:11:20.321858] Security group rules were updated (STDOUT, CELL)#
#2026 07 11 21:11:28.947#Z#DEBUG#d76953a6-7d6c-11f1-bcdc-eeee0a99d0dd.mycapapp-srv#flowable-async-job-executor-thread-3434#
[PollStartAppStatusExecution] 5b5d5070-c8d5-435d-87a9-7110164fcccc [2026-07-11T21:11:20.404259] Cell d1cc041a-d5a1-41d6-b9f6-6cda736ce3f0 successfully created container for instance 8982e0e1-e46f-45e1-49cf-dccd (STDOUT, CELL)#
#2026 07 11 21:11:28.947#Z#DEBUG#d76953a6-7d6c-11f1-bcdc-eeee0a99d0dd.mycapapp-srv#flowable-async-job-executor-thread-3434#
[PollStartAppStatusExecution] 5b5d5070-c8d5-435d-87a9-7110164fcccc [2026-07-11T21:11:21.328573] Downloading droplet... (STDOUT, CELL)#
#2026 07 11 21:11:28.947#Z#DEBUG#d76953a6-7d6c-11f1-bcdc-eeee0a99d0dd.mycapapp-srv#flowable-async-job-executor-thread-3434#
[PollStartAppStatusExecution] 5b5d5070-c8d5-435d-87a9-7110164fcccc [2026-07-11T21:11:26.294429] Downloaded droplet (61.1M) (STDOUT, CELL)#
#2026 07 11 21:11:28.947#Z#DEBUG#d76953a6-7d6c-11f1-bcdc-eeee0a99d0dd.mycapapp-srv#flowable-async-job-executor-thread-3434#
[PollStartAppStatusExecution] 5b5d5070-c8d5-435d-87a9-7110164fcccc [2026-07-11T21:11:26.294888] Starting health monitoring of container (STDOUT, CELL)#
#2026 07 11 21:11:28.947#Z#DEBUG#d76953a6-7d6c-11f1-bcdc-eeee0a99d0dd.mycapapp-srv#flowable-async-job-executor-thread-3434#
[PollStartAppStatusExecution] 5b5d5070-c8d5-435d-87a9-7110164fcccc [2026-07-11T21:11:26.443687] Invoking pre-start scripts. (STDOUT, APP/PROC/WEB)#
#2026 07 11 21:11:28.947#Z#DEBUG#d76953a6-7d6c-11f1-bcdc-eeee0a99d0dd.mycapapp-srv#flowable-async-job-executor-thread-3434#
[PollStartAppStatusExecution] 5b5d5070-c8d5-435d-87a9-7110164fcccc [2026-07-11T21:11:26.672200] Invoking start command. (STDOUT, APP/PROC/WEB)#
#2026 07 11 21:11:28.947#Z#DEBUG#d76953a6-7d6c-11f1-bcdc-eeee0a99d0dd.mycapapp-srv#flowable-async-job-executor-thread-3434#
[PollStartAppStatusExecution] 5b5d5070-c8d5-435d-87a9-7110164fcccc [2026-07-11T21:11:27.141392] > mycapapp@1.0.0 start (STDOUT, APP/PROC/WEB)#
#2026 07 11 21:11:28.947#Z#DEBUG#d76953a6-7d6c-11f1-bcdc-eeee0a99d0dd.mycapapp-srv#flowable-async-job-executor-thread-3434#
[PollStartAppStatusExecution] 5b5d5070-c8d5-435d-87a9-7110164fcccc [2026-07-11T21:11:27.141424] > cds-serve (STDOUT, APP/PROC/WEB)#
#2026 07 11 21:11:28.947#Z#DEBUG#d76953a6-7d6c-11f1-bcdc-eeee0a99d0dd.mycapapp-srv#flowable-async-job-executor-thread-3434#
[PollStartAppStatusExecution] 5b5d5070-c8d5-435d-87a9-7110164fcccc [2026-07-11T21:11:27.612900] {"level":"info","logger":"cds","timestamp":"2026-07-11T21:11:27.611Z","layer":"cds","component_type":"application","container_id":"10.32.1.5","component_id":"5b5d5070-c8d5-435d-87a9-7110164fcccc","component_name":"mycapapp-srv","component_instance":0,"source_instance":0,"organization_name":"c60b0bfbtrial","organization_id":"2c43991c-3ae7-4b79-8571-08d7a17c43bc","space_name":"dev","space_id":"397f4538-c05a-40c1-9290-a601320f9e04","msg":"loaded model from 1 file(s):\n ","type":"log"} (STDOUT, APP/PROC/WEB)#
#2026 07 11 21:11:28.947#Z#DEBUG#d76953a6-7d6c-11f1-bcdc-eeee0a99d0dd.mycapapp-srv#flowable-async-job-executor-thread-3434#
[PollStartAppStatusExecution] 5b5d5070-c8d5-435d-87a9-7110164fcccc [2026-07-11T21:11:27.613085] srv/csn.json (STDOUT, APP/PROC/WEB)#
#2026 07 11 21:11:28.947#Z#DEBUG#d76953a6-7d6c-11f1-bcdc-eeee0a99d0dd.mycapapp-srv#flowable-async-job-executor-thread-3434#
[PollStartAppStatusExecution] 5b5d5070-c8d5-435d-87a9-7110164fcccc [2026-07-11T21:11:27.879876] {"level":"info","logger":"cds","timestamp":"2026-07-11T21:11:27.878Z","layer":"cds","component_type":"application","container_id":"10.32.1.5","component_id":"5b5d5070-c8d5-435d-87a9-7110164fcccc","component_name":"mycapapp-srv","component_instance":0,"source_instance":0,"organization_name":"c60b0bfbtrial","organization_id":"2c43991c-3ae7-4b79-8571-08d7a17c43bc","space_name":"dev","space_id":"397f4538-c05a-40c1-9290-a601320f9e04","msg":"connect to db > hana {\n  database_id: '3302dac8-1bb4-49a3-8762-f9acdf0c7b55',\n  host: '3302dac8-1bb4-49a3-8762-f9acdf0c7b55.hna1.prod-us10.hanacloud.ondemand.com',\n  port: '443',\n  driver: 'com.sap.db.jdbc.Driver',\n  url: 'jdbc:sap://3302dac8-1bb4-49a3-8762-f9acdf0c7b55.hna1.prod-us10.hanacloud.ondemand.com:443?encrypt=true&validateCertificate=true&currentschema=D4901AFE066A4C098C4309E6D37D93C6',\n  schema: 'D4901AFE066A4C098C4309E6D37D93C6',\n  certificate: '...',\n  hdi_user: 'D4901AFE066A4C098C4309E6D37D93C6_8YQND4EPQJYF1KF2NMZK65IM4_DT',\n  hdi_password: '...',\n  user: 'D4901AFE066A4C098C4309E6D37D93C6_8YQND4EPQJYF1KF2NMZK65IM4_RT',\n  password: '...'\n}","type":"log"} (STDOUT, APP/PROC/WEB)#
#2026 07 11 21:11:28.947#Z#DEBUG#d76953a6-7d6c-11f1-bcdc-eeee0a99d0dd.mycapapp-srv#flowable-async-job-executor-thread-3434#
[PollStartAppStatusExecution] 5b5d5070-c8d5-435d-87a9-7110164fcccc [2026-07-11T21:11:27.911193] {"level":"info","logger":"cds","timestamp":"2026-07-11T21:11:27.910Z","layer":"cds","component_type":"application","container_id":"10.32.1.5","component_id":"5b5d5070-c8d5-435d-87a9-7110164fcccc","component_name":"mycapapp-srv","component_instance":0,"source_instance":0,"organization_name":"c60b0bfbtrial","organization_id":"2c43991c-3ae7-4b79-8571-08d7a17c43bc","space_name":"dev","space_id":"397f4538-c05a-40c1-9290-a601320f9e04","msg":"using auth strategy { kind: 'xsuaa' }","type":"log"} (STDOUT, APP/PROC/WEB)#
#2026 07 11 21:11:28.947#Z#DEBUG#d76953a6-7d6c-11f1-bcdc-eeee0a99d0dd.mycapapp-srv#flowable-async-job-executor-thread-3434#
[PollStartAppStatusExecution] 5b5d5070-c8d5-435d-87a9-7110164fcccc [2026-07-11T21:11:27.959801] {"level":"info","logger":"cds","timestamp":"2026-07-11T21:11:27.959Z","layer":"cds","component_type":"application","container_id":"10.32.1.5","component_id":"5b5d5070-c8d5-435d-87a9-7110164fcccc","component_name":"mycapapp-srv","component_instance":0,"source_instance":0,"organization_name":"c60b0bfbtrial","organization_id":"2c43991c-3ae7-4b79-8571-08d7a17c43bc","space_name":"dev","space_id":"397f4538-c05a-40c1-9290-a601320f9e04","msg":"serving CDSService {\n  at: [ '/odata/v4/CDSService' ],\n  decl: 'srv/csn.json:1262',\n  impl: 'srv/CDSService.js'\n}","type":"log"} (STDOUT, APP/PROC/WEB)#
#2026 07 11 21:11:28.947#Z#DEBUG#d76953a6-7d6c-11f1-bcdc-eeee0a99d0dd.mycapapp-srv#flowable-async-job-executor-thread-3434#
[PollStartAppStatusExecution] 5b5d5070-c8d5-435d-87a9-7110164fcccc [2026-07-11T21:11:27.960727] {"level":"info","logger":"cds","timestamp":"2026-07-11T21:11:27.960Z","layer":"cds","component_type":"application","container_id":"10.32.1.5","component_id":"5b5d5070-c8d5-435d-87a9-7110164fcccc","component_name":"mycapapp-srv","component_instance":0,"source_instance":0,"organization_name":"c60b0bfbtrial","organization_id":"2c43991c-3ae7-4b79-8571-08d7a17c43bc","space_name":"dev","space_id":"397f4538-c05a-40c1-9290-a601320f9e04","msg":"serving CatalogService {\n  at: [ '/odata/v4/CatalogService' ],\n  decl: 'srv/csn.json:1539',\n  impl: 'srv/CatalogService.js'\n}","type":"log"} (STDOUT, APP/PROC/WEB)#
#2026 07 11 21:11:28.947#Z#DEBUG#d76953a6-7d6c-11f1-bcdc-eeee0a99d0dd.mycapapp-srv#flowable-async-job-executor-thread-3434#
[PollStartAppStatusExecution] 5b5d5070-c8d5-435d-87a9-7110164fcccc [2026-07-11T21:11:27.961518] {"level":"info","logger":"cds","timestamp":"2026-07-11T21:11:27.961Z","layer":"cds","component_type":"application","container_id":"10.32.1.5","component_id":"5b5d5070-c8d5-435d-87a9-7110164fcccc","component_name":"mycapapp-srv","component_instance":0,"source_instance":0,"organization_name":"c60b0bfbtrial","organization_id":"2c43991c-3ae7-4b79-8571-08d7a17c43bc","space_name":"dev","space_id":"397f4538-c05a-40c1-9290-a601320f9e04","msg":"serving MyService {\n  at: [ '/odata/v4/MyService' ],\n  decl: 'srv/csn.json:2755',\n  impl: 'srv/MyService.js'\n}","type":"log"} (STDOUT, APP/PROC/WEB)#
#2026 07 11 21:11:28.947#Z#DEBUG#d76953a6-7d6c-11f1-bcdc-eeee0a99d0dd.mycapapp-srv#flowable-async-job-executor-thread-3434#
[PollStartAppStatusExecution] 5b5d5070-c8d5-435d-87a9-7110164fcccc [2026-07-11T21:11:27.972825] {"level":"info","logger":"cds","timestamp":"2026-07-11T21:11:27.972Z","layer":"cds","component_type":"application","container_id":"10.32.1.5","component_id":"5b5d5070-c8d5-435d-87a9-7110164fcccc","component_name":"mycapapp-srv","component_instance":0,"source_instance":0,"organization_name":"c60b0bfbtrial","organization_id":"2c43991c-3ae7-4b79-8571-08d7a17c43bc","space_name":"dev","space_id":"397f4538-c05a-40c1-9290-a601320f9e04","msg":"server listening on { url: 'http://localhost:8080' }","type":"log"} (STDOUT, APP/PROC/WEB)#
#2026 07 11 21:11:28.947#Z#DEBUG#d76953a6-7d6c-11f1-bcdc-eeee0a99d0dd.mycapapp-srv#flowable-async-job-executor-thread-3434#
[PollStartAppStatusExecution] 5b5d5070-c8d5-435d-87a9-7110164fcccc [2026-07-11T21:11:27.974194] {"level":"info","logger":"cds","timestamp":"2026-07-11T21:11:27.973Z","layer":"cds","component_type":"application","container_id":"10.32.1.5","component_id":"5b5d5070-c8d5-435d-87a9-7110164fcccc","component_name":"mycapapp-srv","component_instance":0,"source_instance":0,"organization_name":"c60b0bfbtrial","organization_id":"2c43991c-3ae7-4b79-8571-08d7a17c43bc","space_name":"dev","space_id":"397f4538-c05a-40c1-9290-a601320f9e04","msg":"server v9.9.1 launched in 815 ms","type":"log"} (STDOUT, APP/PROC/WEB)#
#2026 07 11 21:11:38.974#Z#DEBUG#d76953a6-7d6c-11f1-bcdc-eeee0a99d0dd.mycapapp-srv#flowable-async-job-executor-thread-3441#
[PollStartAppStatusExecution] 5b5d5070-c8d5-435d-87a9-7110164fcccc [2026-07-11T21:11:29.571554] Container became healthy (STDOUT, CELL)#
#2026 07 11 21:11:38.974#Z#DEBUG#d76953a6-7d6c-11f1-bcdc-eeee0a99d0dd.mycapapp-srv#flowable-async-job-executor-thread-3441#
[PollStartAppStatusExecution] 5b5d5070-c8d5-435d-87a9-7110164fcccc [2026-07-11T21:11:29.596637] Process became ready with guid 5b5d5070-c8d5-435d-87a9-7110164fcccc payload: {"instance"=>"8982e0e1-e46f-45e1-49cf-dccd", "index"=>0, "cell_id"=>"d1cc041a-d5a1-41d6-b9f6-6cda736ce3f0", "ready"=>true, "version"=>"71d47d3e-d06c-4c4e-b886-94f258cc67b2"} (STDOUT, API)#
